<?xml version="1.0" encoding="UTF-8"?>
<testsuite xmlns:xsi="http://www.w3.org/2001/XMLSchema-instance" xsi:noNamespaceSchemaLocation="https://maven.apache.org/surefire/maven-surefire-plugin/xsd/surefire-test-report.xsd" name="com.zoomcare.candidatechallenge.test.EmployeeControllerTest" time="5.775" tests="2" errors="1" skipped="0" failures="0">
  <properties>
[...]
</properties>
  <testcase name="restCallFindEmployeeById" classname="com.zoomcare.candidatechallenge.test.EmployeeControllerTest" time="0.952">
    <error message="Error while extracting response for type [class com.zoomcare.candidatechallenge.entity.Employee] and content type [application/json;charset=UTF-8]; nested exception is org.springframework.http.converter.HttpMessageNotReadableException: JSON parse error: Unrecognized token &apos;error&apos;: was expecting (&apos;true&apos;, &apos;false&apos; or &apos;null&apos;); nested exception is com.fasterxml.jackson.core.JsonParseException: Unrecognized token &apos;error&apos;: was expecting (&apos;true&apos;, &apos;false&apos; or &apos;null&apos;)&#10; at [Source: (PushbackInputStream); line: 1, column: 11]" type="org.springframework.web.client.RestClientException">org.springframework.web.client.RestClientException: 
Error while extracting response for type [class com.zoomcare.candidatechallenge.entity.Employee] and content type [application/json;charset=UTF-8]; nested exception is org.springframework.http.converter.HttpMessageNotReadableException: JSON parse error: Unrecognized token 'error': was expecting ('true', 'false' or 'null'); nested exception is com.fasterxml.jackson.core.JsonParseException: Unrecognized token 'error': was expecting ('true', 'false' or 'null')
 at [Source: (PushbackInputStream); line: 1, column: 11]
	at com.zoomcare.candidatechallenge.test.EmployeeControllerTest.restCallFindEmployeeById(EmployeeControllerTest.java:46)
Caused by: org.springframework.http.converter.HttpMessageNotReadableException: 
JSON parse error: Unrecognized token 'error': was expecting ('true', 'false' or 'null'); nested exception is com.fasterxml.jackson.core.JsonParseException: Unrecognized token 'error': was expecting ('true', 'false' or 'null')
 at [Source: (PushbackInputStream); line: 1, column: 11]
	at com.zoomcare.candidatechallenge.test.EmployeeControllerTest.restCallFindEmployeeById(EmployeeControllerTest.java:46)
Caused by: com.fasterxml.jackson.core.JsonParseException: 
Unrecognized token 'error': was expecting ('true', 'false' or 'null')
 at [Source: (PushbackInputStream); line: 1, column: 11]
	at com.zoomcare.candidatechallenge.test.EmployeeControllerTest.restCallFindEmployeeById(EmployeeControllerTest.java:46)
</error>
    <system-out><![CDATA[11:14:29.068 [main] DEBUG org.springframework.test.context.junit4.SpringJUnit4ClassRunner - SpringJUnit4ClassRunner constructor called with [class com.zoomcare.candidatechallenge.test.EmployeeControllerTest]
11:14:29.074 [main] DEBUG org.springframework.test.context.BootstrapUtils - Instantiating CacheAwareContextLoaderDelegate from class [org.springframework.test.context.cache.DefaultCacheAwareContextLoaderDelegate]
11:14:29.081 [main] DEBUG org.springframework.test.context.BootstrapUtils - Instantiating BootstrapContext using constructor [public org.springframework.test.context.support.DefaultBootstrapContext(java.lang.Class,org.springframework.test.context.CacheAwareContextLoaderDelegate)]
11:14:29.099 [main] DEBUG org.springframework.test.context.BootstrapUtils - Instantiating TestContextBootstrapper for test class [com.zoomcare.candidatechallenge.test.EmployeeControllerTest] from class [org.springframework.boot.test.context.SpringBootTestContextBootstrapper]
11:14:29.114 [main] INFO org.springframework.boot.test.context.SpringBootTestContextBootstrapper - Neither @ContextConfiguration nor @ContextHierarchy found for test class [com.zoomcare.candidatechallenge.test.EmployeeControllerTest], using SpringBootContextLoader
11:14:29.117 [main] DEBUG org.springframework.test.context.support.AbstractContextLoader - Did not detect default resource location for test class [com.zoomcare.candidatechallenge.test.EmployeeControllerTest]: class path resource [com/zoomcare/candidatechallenge/test/EmployeeControllerTest-context.xml] does not exist
11:14:29.118 [main] DEBUG org.springframework.test.context.support.AbstractContextLoader - Did not detect default resource location for test class [com.zoomcare.candidatechallenge.test.EmployeeControllerTest]: class path resource [com/zoomcare/candidatechallenge/test/EmployeeControllerTestContext.groovy] does not exist
11:14:29.118 [main] INFO org.springframework.test.context.support.AbstractContextLoader - Could not detect default resource locations for test class [com.zoomcare.candidatechallenge.test.EmployeeControllerTest]: no resource found for suffixes {-context.xml, Context.groovy}.
11:14:29.118 [main] INFO org.springframework.test.context.support.AnnotationConfigContextLoaderUtils - Could not detect default configuration classes for test class [com.zoomcare.candidatechallenge.test.EmployeeControllerTest]: EmployeeControllerTest does not declare any static, non-private, non-final, nested classes annotated with @Configuration.
11:14:29.159 [main] DEBUG org.springframework.test.context.support.ActiveProfilesUtils - Could not find an 'annotation declaring class' for annotation type [org.springframework.test.context.ActiveProfiles] and class [com.zoomcare.candidatechallenge.test.EmployeeControllerTest]
11:14:29.267 [main] DEBUG org.springframework.context.annotation.ClassPathScanningCandidateComponentProvider - Identified candidate component class: file [/Users/lweyri/springToolsWorkspace/candidate-project-java-master/target/classes/com/zoomcare/candidatechallenge/CandidateChallengeApplication.class]
11:14:29.270 [main] INFO org.springframework.boot.test.context.SpringBootTestContextBootstrapper - Found @SpringBootConfiguration com.zoomcare.candidatechallenge.CandidateChallengeApplication for test class com.zoomcare.candidatechallenge.test.EmployeeControllerTest
11:14:29.347 [main] DEBUG org.springframework.boot.test.context.SpringBootTestContextBootstrapper - @TestExecutionListeners is not present for class [com.zoomcare.candidatechallenge.test.EmployeeControllerTest]: using defaults.
11:14:29.347 [main] INFO org.springframework.boot.test.context.SpringBootTestContextBootstrapper - Loaded default TestExecutionListener class names from location [META-INF/spring.factories]: [org.springframework.boot.test.mock.mockito.MockitoTestExecutionListener, org.springframework.boot.test.mock.mockito.ResetMocksTestExecutionListener, org.springframework.boot.test.autoconfigure.restdocs.RestDocsTestExecutionListener, org.springframework.boot.test.autoconfigure.web.client.MockRestServiceServerResetTestExecutionListener, org.springframework.boot.test.autoconfigure.web.servlet.MockMvcPrintOnlyOnFailureTestExecutionListener, org.springframework.boot.test.autoconfigure.web.servlet.WebDriverTestExecutionListener, org.springframework.test.context.web.ServletTestExecutionListener, org.springframework.test.context.support.DirtiesContextBeforeModesTestExecutionListener, org.springframework.test.context.support.DependencyInjectionTestExecutionListener, org.springframework.test.context.support.DirtiesContextTestExecutionListener, org.springframework.test.context.transaction.TransactionalTestExecutionListener, org.springframework.test.context.jdbc.SqlScriptsTestExecutionListener]
11:14:29.361 [main] INFO org.springframework.boot.test.context.SpringBootTestContextBootstrapper - Using TestExecutionListeners: [org.springframework.test.context.web.ServletTestExecutionListener@4d9e68d0, org.springframework.test.context.support.DirtiesContextBeforeModesTestExecutionListener@42e99e4a, org.springframework.boot.test.mock.mockito.MockitoTestExecutionListener@14dd9eb7, org.springframework.boot.test.autoconfigure.SpringBootDependencyInjectionTestExecutionListener@52e6fdee, org.springframework.test.context.support.DirtiesContextTestExecutionListener@6c80d78a, org.springframework.test.context.transaction.TransactionalTestExecutionListener@62150f9e, org.springframework.test.context.jdbc.SqlScriptsTestExecutionListener@1a451d4d, org.springframework.boot.test.mock.mockito.ResetMocksTestExecutionListener@7fa98a66, org.springframework.boot.test.autoconfigure.restdocs.RestDocsTestExecutionListener@15ff3e9e, org.springframework.boot.test.autoconfigure.web.client.MockRestServiceServerResetTestExecutionListener@5fdcaa40, org.springframework.boot.test.autoconfigure.web.servlet.MockMvcPrintOnlyOnFailureTestExecutionListener@6dc17b83, org.springframework.boot.test.autoconfigure.web.servlet.WebDriverTestExecutionListener@5e0826e7]
11:14:29.363 [main] DEBUG org.springframework.test.annotation.ProfileValueUtils - Retrieved @ProfileValueSourceConfiguration [null] for test class [com.zoomcare.candidatechallenge.test.EmployeeControllerTest]
11:14:29.363 [main] DEBUG org.springframework.test.annotation.ProfileValueUtils - Retrieved ProfileValueSource type [class org.springframework.test.annotation.SystemProfileValueSource] for class [com.zoomcare.candidatechallenge.test.EmployeeControllerTest]
11:14:29.365 [main] DEBUG org.springframework.test.annotation.ProfileValueUtils - Retrieved @ProfileValueSourceConfiguration [null] for test class [com.zoomcare.candidatechallenge.test.EmployeeControllerTest]
11:14:29.365 [main] DEBUG org.springframework.test.annotation.ProfileValueUtils - Retrieved ProfileValueSource type [class org.springframework.test.annotation.SystemProfileValueSource] for class [com.zoomcare.candidatechallenge.test.EmployeeControllerTest]
11:14:29.365 [main] DEBUG org.springframework.test.annotation.ProfileValueUtils - Retrieved @ProfileValueSourceConfiguration [null] for test class [com.zoomcare.candidatechallenge.test.EmployeeControllerTest]
11:14:29.365 [main] DEBUG org.springframework.test.annotation.ProfileValueUtils - Retrieved ProfileValueSource type [class org.springframework.test.annotation.SystemProfileValueSource] for class [com.zoomcare.candidatechallenge.test.EmployeeControllerTest]
11:14:29.368 [main] DEBUG org.springframework.test.context.support.AbstractDirtiesContextTestExecutionListener - Before test class: context [DefaultTestContext@9f116cc testClass = EmployeeControllerTest, testInstance = [null], testMethod = [null], testException = [null], mergedContextConfiguration = [WebMergedContextConfiguration@12468a38 testClass = EmployeeControllerTest, locations = '{}', classes = '{class com.zoomcare.candidatechallenge.CandidateChallengeApplication}', contextInitializerClasses = '[]', activeProfiles = '{}', propertySourceLocations = '{}', propertySourceProperties = '{org.springframework.boot.test.context.SpringBootTestContextBootstrapper=true, server.port=0}', contextCustomizers = set[org.springframework.boot.test.context.filter.ExcludeFilterContextCustomizer@305fd85d, org.springframework.boot.test.json.DuplicateJsonObjectContextCustomizerFactory$DuplicateJsonObjectContextCustomizer@34cd072c, org.springframework.boot.test.mock.mockito.MockitoContextCustomizer@0, org.springframework.boot.test.web.client.TestRestTemplateContextCustomizer@7a187f14, org.springframework.boot.test.autoconfigure.properties.PropertyMappingContextCustomizer@0, org.springframework.boot.test.autoconfigure.web.servlet.WebDriverContextCustomizerFactory$Customizer@23d2a7e8], resourceBasePath = 'src/main/webapp', contextLoader = 'org.springframework.boot.test.context.SpringBootContextLoader', parent = [null]], attributes = map['org.springframework.test.context.web.ServletTestExecutionListener.activateListener' -> false]], class annotated with @DirtiesContext [false] with mode [null].
11:14:29.369 [main] DEBUG org.springframework.test.annotation.ProfileValueUtils - Retrieved @ProfileValueSourceConfiguration [null] for test class [com.zoomcare.candidatechallenge.test.EmployeeControllerTest]
11:14:29.369 [main] DEBUG org.springframework.test.annotation.ProfileValueUtils - Retrieved ProfileValueSource type [class org.springframework.test.annotation.SystemProfileValueSource] for class [com.zoomcare.candidatechallenge.test.EmployeeControllerTest]
11:14:29.373 [main] DEBUG org.springframework.test.context.support.DependencyInjectionTestExecutionListener - Performing dependency injection for test context [[DefaultTestContext@9f116cc testClass = EmployeeControllerTest, testInstance = com.zoomcare.candidatechallenge.test.EmployeeControllerTest@478190fc, testMethod = [null], testException = [null], mergedContextConfiguration = [WebMergedContextConfiguration@12468a38 testClass = EmployeeControllerTest, locations = '{}', classes = '{class com.zoomcare.candidatechallenge.CandidateChallengeApplication}', contextInitializerClasses = '[]', activeProfiles = '{}', propertySourceLocations = '{}', propertySourceProperties = '{org.springframework.boot.test.context.SpringBootTestContextBootstrapper=true, server.port=0}', contextCustomizers = set[org.springframework.boot.test.context.filter.ExcludeFilterContextCustomizer@305fd85d, org.springframework.boot.test.json.DuplicateJsonObjectContextCustomizerFactory$DuplicateJsonObjectContextCustomizer@34cd072c, org.springframework.boot.test.mock.mockito.MockitoContextCustomizer@0, org.springframework.boot.test.web.client.TestRestTemplateContextCustomizer@7a187f14, org.springframework.boot.test.autoconfigure.properties.PropertyMappingContextCustomizer@0, org.springframework.boot.test.autoconfigure.web.servlet.WebDriverContextCustomizerFactory$Customizer@23d2a7e8], resourceBasePath = 'src/main/webapp', contextLoader = 'org.springframework.boot.test.context.SpringBootContextLoader', parent = [null]], attributes = map['org.springframework.test.context.web.ServletTestExecutionListener.activateListener' -> false]]].
11:14:29.389 [main] DEBUG org.springframework.test.context.support.TestPropertySourceUtils - Adding inlined properties to environment: {spring.jmx.enabled=false, org.springframework.boot.test.context.SpringBootTestContextBootstrapper=true, server.port=0}

  .   ____          _            __ _ _
 /\\ / ___'_ __ _ _(_)_ __  __ _ \ \ \ \
( ( )\___ | '_ | '_| | '_ \/ _` | \ \ \ \
 \\/  ___)| |_)| | | | | || (_| |  ) ) ) )
  '  |____| .__|_| |_|_| |_\__, | / / / /
 =========|_|==============|___/=/_/_/_/
 :: Spring Boot ::        (v2.1.3.RELEASE)

2019-07-02 11:14:29.632  INFO 4002 --- [           main] c.z.c.test.EmployeeControllerTest        : Starting EmployeeControllerTest on APV8G3QPA3EC80 with PID 4002 (started by lweyri in /Users/lweyri/springToolsWorkspace/candidate-project-java-master)
2019-07-02 11:14:29.633  INFO 4002 --- [           main] c.z.c.test.EmployeeControllerTest        : No active profile set, falling back to default profiles: default
2019-07-02 11:14:30.347  INFO 4002 --- [           main] .s.d.r.c.RepositoryConfigurationDelegate : Bootstrapping Spring Data repositories in DEFAULT mode.
2019-07-02 11:14:30.369  INFO 4002 --- [           main] .s.d.r.c.RepositoryConfigurationDelegate : Finished Spring Data repository scanning in 18ms. Found 0 repository interfaces.
2019-07-02 11:14:30.750  INFO 4002 --- [           main] trationDelegate$BeanPostProcessorChecker : Bean 'org.springframework.transaction.annotation.ProxyTransactionManagementConfiguration' of type [org.springframework.transaction.annotation.ProxyTransactionManagementConfiguration$$EnhancerBySpringCGLIB$$4b2b1804] is not eligible for getting processed by all BeanPostProcessors (for example: not eligible for auto-proxying)
2019-07-02 11:14:31.145  INFO 4002 --- [           main] o.s.b.w.embedded.tomcat.TomcatWebServer  : Tomcat initialized with port(s): 0 (http)
2019-07-02 11:14:31.174  INFO 4002 --- [           main] o.apache.catalina.core.StandardService   : Starting service [Tomcat]
2019-07-02 11:14:31.174  INFO 4002 --- [           main] org.apache.catalina.core.StandardEngine  : Starting Servlet engine: [Apache Tomcat/9.0.16]
2019-07-02 11:14:31.185  INFO 4002 --- [           main] o.a.catalina.core.AprLifecycleListener   : The APR based Apache Tomcat Native library which allows optimal performance in production environments was not found on the java.library.path: [/Users/lweyri/Library/Java/Extensions:/Library/Java/Extensions:/Network/Library/Java/Extensions:/System/Library/Java/Extensions:/usr/lib/java:.]
2019-07-02 11:14:31.327  INFO 4002 --- [           main] o.a.c.c.C.[Tomcat].[localhost].[/]       : Initializing Spring embedded WebApplicationContext
2019-07-02 11:14:31.327  INFO 4002 --- [           main] o.s.web.context.ContextLoader            : Root WebApplicationContext: initialization completed in 1676 ms
2019-07-02 11:14:32.189  INFO 4002 --- [           main] o.f.c.internal.license.VersionPrinter    : Flyway Community Edition 5.2.4 by Boxfuse
2019-07-02 11:14:32.196  INFO 4002 --- [           main] com.zaxxer.hikari.HikariDataSource       : HikariPool-1 - Starting...
2019-07-02 11:14:32.337  INFO 4002 --- [           main] com.zaxxer.hikari.HikariDataSource       : HikariPool-1 - Start completed.
2019-07-02 11:14:32.341  INFO 4002 --- [           main] o.f.c.internal.database.DatabaseFactory  : Database: jdbc:h2:mem:testdb (H2 1.4)
2019-07-02 11:14:32.434  INFO 4002 --- [           main] o.f.core.internal.command.DbValidate     : Successfully validated 2 migrations (execution time 00:00.020s)
2019-07-02 11:14:32.448  INFO 4002 --- [           main] o.f.c.i.s.JdbcTableSchemaHistory         : Creating Schema History table: "PUBLIC"."flyway_schema_history"
2019-07-02 11:14:32.471  INFO 4002 --- [           main] o.f.core.internal.command.DbMigrate      : Current version of schema "PUBLIC": << Empty Schema >>
2019-07-02 11:14:32.472  INFO 4002 --- [           main] o.f.core.internal.command.DbMigrate      : Migrating schema "PUBLIC" to version 1 - init
2019-07-02 11:14:32.495  INFO 4002 --- [           main] o.f.core.internal.command.DbMigrate      : Migrating schema "PUBLIC" to version 2 - initial data structures
2019-07-02 11:14:32.515  INFO 4002 --- [           main] o.f.core.internal.command.DbMigrate      : Successfully applied 2 migrations to schema "PUBLIC" (execution time 00:00.074s)
2019-07-02 11:14:33.022  INFO 4002 --- [           main] o.s.s.concurrent.ThreadPoolTaskExecutor  : Initializing ExecutorService 'applicationTaskExecutor'
2019-07-02 11:14:33.619  INFO 4002 --- [           main] o.s.b.a.e.web.EndpointLinksResolver      : Exposing 16 endpoint(s) beneath base path '/actuator'
2019-07-02 11:14:33.739  INFO 4002 --- [           main] o.s.b.w.embedded.tomcat.TomcatWebServer  : Tomcat started on port(s): 51611 (http) with context path ''
2019-07-02 11:14:33.743  INFO 4002 --- [           main] c.z.c.test.EmployeeControllerTest        : Started EmployeeControllerTest in 4.352 seconds (JVM running for 5.069)
2019-07-02 11:14:34.061  INFO 4002 --- [o-auto-1-exec-1] o.a.c.c.C.[Tomcat].[localhost].[/]       : Initializing Spring DispatcherServlet 'dispatcherServlet'
2019-07-02 11:14:34.061  INFO 4002 --- [o-auto-1-exec-1] o.s.web.servlet.DispatcherServlet        : Initializing Servlet 'dispatcherServlet'
2019-07-02 11:14:34.085  INFO 4002 --- [o-auto-1-exec-1] o.s.web.servlet.DispatcherServlet        : Completed initialization in 23 ms
]]></system-out>
    <system-err><![CDATA[com.fasterxml.jackson.databind.JsonMappingException: Infinite recursion (StackOverflowError) (through reference chain: com.zoomcare.candidatechallenge.entity.Employee["properties"]->java.util.ArrayList[0]->com.zoomcare.candidatechallenge.entity.Properties["employee"]->com.zoomcare.candidatechallenge.entity.Employee["properties"]->java.util.ArrayList[0]->com.zoomcare.candidatechallenge.entity.Properties["employee"]->com.zoomcare.candidatechallenge.entity.Employee["properties"]->java.util.ArrayList[0]->com.zoomcare.candidatechallenge.entity.Properties["employee"]->com.zoomcare.candidatechallenge.entity.Employee["properties"]->java.util.ArrayList[0]->com.zoomcare.candidatechallenge.entity.Properties["employee"]->com.zoomcare.candidatechallenge.entity.Employee["properties"]->java.util.ArrayList[0]->com.zoomcare.candidatechallenge.entity.Properties["employee"]->com.zoomcare.candidatechallenge.entity.Employee["properties"]->java.util.ArrayList[0]->com.zoomcare.candidatechallenge.entity.Properties["employee"]->com.zoomcare.candidatechallenge.entity.Employee["properties"]->java.util.ArrayList[0]->com.zoomcare.candidatechallenge.entity.Properties["employee"]->com.zoomcare.candidatechallenge.entity.Employee["properties"]->java.util.ArrayList[0]->com.zoomcare.candidatechallenge.entity.Properties["employee"]->com.zoomcare.candidatechallenge.entity.Employee["properties"]->java.util.ArrayList[0]->com.zoomcare.candidatechallenge.entity.Properties["employee"]->com.zoomcare.candidatechallenge.entity.Employee["properties"]->java.util.ArrayList[0]->com.zoomcare.candidatechallenge.entity.Properties["employee"]->com.zoomcare.candidatechallenge.entity.Employee["properties"]->java.util.ArrayList[0]->com.zoomcare.candidatechallenge.entity.Properties["employee"]->com.zoomcare.candidatechallenge.entity.Employee["properties"]->java.util.ArrayList[0]->com.zoomcare.candidatechallenge.entity.Properties["employee"]->com.zoomcare.candidatechallenge.entity.Employee["properties"]->java.util.ArrayList[0]->com.zoomcare.candidatechallenge.entity.Properties["employee"]->com.zoomcare.candidatechallenge.entity.Employee["properties"]->java.util.ArrayList[0]->com.zoomcare.candidatechallenge.entity.Properties["employee"]->com.zoomcare.candidatechallenge.entity.Employee["properties"]->java.util.ArrayList[0]->com.zoomcare.candidatechallenge.entity.Properties["employee"]->com.zoomcare.candidatechallenge.entity.Employee["properties"]->java.util.ArrayList[0]->com.zoomcare.candidatechallenge.entity.Properties["employee"]->com.zoomcare.candidatechallenge.entity.Employee["properties"]->java.util.ArrayList[0]->com.zoomcare.candidatechallenge.entity.Properties["employee"]->com.zoomcare.candidatechallenge.entity.Employee["properties"]->java.util.ArrayList[0]->com.zoomcare.candidatechallenge.entity.Properties["employee"]->com.zoomcare.candidatechallenge.entity.Employee["properties"]->java.util.ArrayList[0]->com.zoomcare.candidatechallenge.entity.Properties["employee"]->com.zoomcare.candidatechallenge.entity.Employee["properties"]->java.util.ArrayList[0]->com.zoomcare.candidatechallenge.entity.Properties["employee"]->com.zoomcare.candidatechallenge.entity.Employee["properties"]->java.util.ArrayList[0]->com.zoomcare.candidatechallenge.entity.Properties["employee"]->com.zoomcare.candidatechallenge.entity.Employee["properties"]->java.util.ArrayList[0]->com.zoomcare.candidatechallenge.entity.Properties["employee"]->com.zoomcare.candidatechallenge.entity.Employee["properties"]->java.util.ArrayList[0]->com.zoomcare.candidatechallenge.entity.Properties["employee"]->com.zoomcare.candidatechallenge.entity.Employee["properties"]->java.util.ArrayList[0]->com.zoomcare.candidatechallenge.entity.Properties["employee"]->com.zoomcare.candidatechallenge.entity.Employee["properties"]->java.util.ArrayList[0]->com.zoomcare.candidatechallenge.entity.Properties["employee"]->com.zoomcare.candidatechallenge.entity.Employee["properties"]->java.util.ArrayList[0]->com.zoomcare.candidatechallenge.entity.Properties["employee"]->com.zoomcare.candidatechallenge.entity.Employee["properties"]->java.util.ArrayList[0]->com.zoomcare.candidatechallenge.entity.Properties["employee"]->com.zoomcare.candidatechallenge.entity.Employee["properties"]->java.util.ArrayList[0]->com.zoomcare.candidatechallenge.entity.Properties["employee"]->com.zoomcare.candidatechallenge.entity.Employee["properties"]->java.util.ArrayList[0]->com.zoomcare.candidatechallenge.entity.Properties["employee"]->com.zoomcare.candidatechallenge.entity.Employee["properties"]->java.util.ArrayList[0]->com.zoomcare.candidatechallenge.entity.Properties["employee"]->com.zoomcare.candidatechallenge.entity.Employee["properties"]->java.util.ArrayList[0]->com.zoomcare.candidatechallenge.entity.Properties["employee"]->com.zoomcare.candidatechallenge.entity.Employee["properties"]->java.util.ArrayList[0]->com.zoomcare.candidatechallenge.entity.Properties["employee"]->com.zoomcare.candidatechallenge.entity.Employee["properties"]->java.util.ArrayList[0]->com.zoomcare.candidatechallenge.entity.Properties["employee"]->com.zoomcare.candidatechallenge.entity.Employee["properties"]->java.util.ArrayList[0]->com.zoomcare.candidatechallenge.entity.Properties["employee"]->com.zoomcare.candidatechallenge.entity.Employee["properties"]->java.util.ArrayList[0]->com.zoomcare.candidatechallenge.entity.Properties["employee"]->com.zoomcare.candidatechallenge.entity.Employee["properties"]->java.util.ArrayList[0]->com.zoomcare.candidatechallenge.entity.Properties["employee"]->com.zoomcare.candidatechallenge.entity.Employee["properties"]->java.util.ArrayList[0]->com.zoomcare.candidatechallenge.entity.Properties["employee"]->com.zoomcare.candidatechallenge.entity.Employee["properties"]->java.util.ArrayList[0]->com.zoomcare.candidatechallenge.entity.Properties["employee"]->com.zoomcare.candidatechallenge.entity.Employee["properties"]->java.util.ArrayList[0]->com.zoomcare.candidatechallenge.entity.Properties["employee"]->com.zoomcare.candidatechallenge.entity.Employee["properties"]->java.util.ArrayList[0]->com.zoomcare.candidatechallenge.entity.Properties["employee"]->com.zoomcare.candidatechallenge.entity.Employee["properties"]->java.util.ArrayList[0]->com.zoomcare.candidatechallenge.entity.Properties["employee"]->com.zoomcare.candidatechallenge.entity.Employee["properties"]->java.util.ArrayList[0]->com.zoomcare.candidatechallenge.entity.Properties["employee"]->com.zoomcare.candidatechallenge.entity.Employee["properties"]->java.util.ArrayList[0]->com.zoomcare.candidatechallenge.entity.Properties["employee"]->com.zoomcare.candidatechallenge.entity.Employee["properties"]->java.util.ArrayList[0]->com.zoomcare.candidatechallenge.entity.Properties["employee"]->com.zoomcare.candidatechallenge.entity.Employee["properties"]->java.util.ArrayList[0]->com.zoomcare.candidatechallenge.entity.Properties["employee"]->com.zoomcare.candidatechallenge.entity.Employee["properties"]->java.util.ArrayList[0]->com.zoomcare.candidatechallenge.entity.Properties["employee"]->com.zoomcare.candidatechallenge.entity.Employee["properties"]->java.util.ArrayList[0]->com.zoomcare.candidatechallenge.entity.Properties["employee"]->com.zoomcare.candidatechallenge.entity.Employee["properties"]->java.util.ArrayList[0]->com.zoomcare.candidatechallenge.entity.Properties["employee"]->com.zoomcare.candidatechallenge.entity.Employee["properties"]->java.util.ArrayList[0]->com.zoomcare.candidatechallenge.entity.Properties["employee"]->com.zoomcare.candidatechallenge.entity.Employee["properties"]->java.util.ArrayList[0]->com.zoomcare.candidatechallenge.entity.Properties["employee"]->com.zoomcare.candidatechallenge.entity.Employee["properties"]->java.util.ArrayList[0]->com.zoomcare.candidatechallenge.entity.Properties["employee"]->com.zoomcare.candidatechallenge.entity.Employee["properties"]->java.util.ArrayList[0]->com.zoomcare.candidatechallenge.entity.Properties["employee"]->com.zoomcare.candidatechallenge.entity.Employee["properties"]->java.util.ArrayList[0]->com.zoomcare.candidatechallenge.entity.Properties["employee"]->com.zoomcare.candidatechallenge.entity.Employee["properties"]->java.util.ArrayList[0]->com.zoomcare.candidatechallenge.entity.Properties["employee"]->com.zoomcare.candidatechallenge.entity.Employee["properties"]->java.util.ArrayList[0]->com.zoomcare.candidatechallenge.entity.Properties["employee"]->com.zoomcare.candidatechallenge.entity.Employee["properties"]->java.util.ArrayList[0]->com.zoomcare.candidatechallenge.entity.Properties["employee"]->com.zoomcare.candidatechallenge.entity.Employee["properties"]->java.util.ArrayList[0]->com.zoomcare.candidatechallenge.entity.Properties["employee"]->com.zoomcare.candidatechallenge.entity.Employee["properties"]->java.util.ArrayList[0]->com.zoomcare.candidatechallenge.entity.Properties["employee"]->com.zoomcare.candidatechallenge.entity.Employee["properties"]->java.util.ArrayList[0]->com.zoomcare.candidatechallenge.entity.Properties["employee"]->com.zoomcare.candidatechallenge.entity.Employee["properties"]->java.util.ArrayList[0]->com.zoomcare.candidatechallenge.entity.Properties["employee"]->com.zoomcare.candidatechallenge.entity.Employee["properties"]->java.util.ArrayList[0]->com.zoomcare.candidatechallenge.entity.Properties["employee"]->com.zoomcare.candidatechallenge.entity.Employee["properties"]->java.util.ArrayList[0]->com.zoomcare.candidatechallenge.entity.Properties["employee"]->com.zoomcare.candidatechallenge.entity.Employee["properties"]->java.util.ArrayList[0]->com.zoomcare.candidatechallenge.entity.Properties["employee"]->com.zoomcare.candidatechallenge.entity.Employee["properties"]->java.util.ArrayList[0]->com.zoomcare.candidatechallenge.entity.Properties["employee"]->com.zoomcare.candidatechallenge.entity.Employee["properties"]->java.util.ArrayList[0]->com.zoomcare.candidatechallenge.entity.Properties["employee"]->com.zoomcare.candidatechallenge.entity.Employee["properties"]->java.util.ArrayList[0]->com.zoomcare.candidatechallenge.entity.Properties["employee"]->com.zoomcare.candidatechallenge.entity.Employee["properties"]->java.util.ArrayList[0]->com.zoomcare.candidatechallenge.entity.Properties["employee"]->com.zoomcare.candidatechallenge.entity.Employee["properties"]->java.util.ArrayList[0]->com.zoomcare.candidatechallenge.entity.Properties["employee"]->com.zoomcare.candidatechallenge.entity.Employee["properties"]->java.util.ArrayList[0]->com.zoomcare.candidatechallenge.entity.Properties["employee"]->com.zoomcare.candidatechallenge.entity.Employee["properties"]->java.util.ArrayList[0]->com.zoomcare.candidatechallenge.entity.Properties["employee"]->com.zoomcare.candidatechallenge.entity.Employee["properties"]->java.util.ArrayList[0]->com.zoomcare.candidatechallenge.entity.Properties["employee"]->com.zoomcare.candidatechallenge.entity.Employee["properties"]->java.util.ArrayList[0]->com.zoomcare.candidatechallenge.entity.Properties["employee"]->com.zoomcare.candidatechallenge.entity.Employee["properties"]->java.util.ArrayList[0]->com.zoomcare.candidatechallenge.entity.Properties["employee"]->com.zoomcare.candidatechallenge.entity.Employee["properties"]->java.util.ArrayList[0]->com.zoomcare.candidatechallenge.entity.Properties["employee"]->com.zoomcare.candidatechallenge.entity.Employee["properties"]->java.util.ArrayList[0]->com.zoomcare.candidatechallenge.entity.Properties["employee"]->com.zoomcare.candidatechallenge.entity.Employee["properties"]->java.util.ArrayList[0]->com.zoomcare.candidatechallenge.entity.Properties["employee"]->com.zoomcare.candidatechallenge.entity.Employee["properties"]->java.util.ArrayList[0]->com.zoomcare.candidatechallenge.entity.Properties["employee"]->com.zoomcare.candidatechallenge.entity.Employee["properties"]->java.util.ArrayList[0]->com.zoomcare.candidatechallenge.entity.Properties["employee"]->com.zoomcare.candidatechallenge.entity.Employee["properties"]->java.util.ArrayList[0]->com.zoomcare.candidatechallenge.entity.Properties["employee"]->com.zoomcare.candidatechallenge.entity.Employee["properties"]->java.util.ArrayList[0]->com.zoomcare.candidatechallenge.entity.Properties["employee"]->com.zoomcare.candidatechallenge.entity.Employee["properties"]->java.util.ArrayList[0]->com.zoomcare.candidatechallenge.entity.Properties["employee"]->com.zoomcare.candidatechallenge.entity.Employee["properties"]->java.util.ArrayList[0]->com.zoomcare.candidatechallenge.entity.Properties["employee"]->com.zoomcare.candidatechallenge.entity.Employee["properties"]->java.util.ArrayList[0]->com.zoomcare.candidatechallenge.entity.Properties["employee"]->com.zoomcare.candidatechallenge.entity.Employee["properties"]->java.util.ArrayList[0]->com.zoomcare.candidatechallenge.entity.Properties["employee"]->com.zoomcare.candidatechallenge.entity.Employee["properties"]->java.util.ArrayList[0]->com.zoomcare.candidatechallenge.entity.Properties["employee"]->com.zoomcare.candidatechallenge.entity.Employee["properties"]->java.util.ArrayList[0]->com.zoomcare.candidatechallenge.entity.Properties["employee"]->com.zoomcare.candidatechallenge.entity.Employee["properties"]->java.util.ArrayList[0]->com.zoomcare.candidatechallenge.entity.Properties["employee"]->com.zoomcare.candidatechallenge.entity.Employee["properties"]->java.util.ArrayList[0]->com.zoomcare.candidatechallenge.entity.Properties["employee"]->com.zoomcare.candidatechallenge.entity.Employee["properties"]->java.util.ArrayList[0]->com.zoomcare.candidatechallenge.entity.Properties["employee"]->com.zoomcare.candidatechallenge.entity.Employee["properties"]->java.util.ArrayList[0]->com.zoomcare.candidatechallenge.entity.Properties["employee"]->com.zoomcare.candidatechallenge.entity.Employee["properties"]->java.util.ArrayList[0]->com.zoomcare.candidatechallenge.entity.Properties["employee"]->com.zoomcare.candidatechallenge.entity.Employee["properties"]->java.util.ArrayList[0]->com.zoomcare.candidatechallenge.entity.Properties["employee"]->com.zoomcare.candidatechallenge.entity.Employee["properties"]->java.util.ArrayList[0]->com.zoomcare.candidatechallenge.entity.Properties["employee"]->com.zoomcare.candidatechallenge.entity.Employee["properties"]->java.util.ArrayList[0]->com.zoomcare.candidatechallenge.entity.Properties["employee"]->com.zoomcare.candidatechallenge.entity.Employee["properties"]->java.util.ArrayList[0]->com.zoomcare.candidatechallenge.entity.Properties["employee"]->com.zoomcare.candidatechallenge.entity.Employee["properties"]->java.util.ArrayList[0]->com.zoomcare.candidatechallenge.entity.Properties["employee"]->com.zoomcare.candidatechallenge.entity.Employee["properties"]->java.util.ArrayList[0]->com.zoomcare.candidatechallenge.entity.Properties["employee"]->com.zoomcare.candidatechallenge.entity.Employee["properties"]->java.util.ArrayList[0]->com.zoomcare.candidatechallenge.entity.Properties["employee"]->com.zoomcare.candidatechallenge.entity.Employee["properties"]->java.util.ArrayList[0]->com.zoomcare.candidatechallenge.entity.Properties["employee"]->com.zoomcare.candidatechallenge.entity.Employee["properties"]->java.util.ArrayList[0]->com.zoomcare.candidatechallenge.entity.Properties["employee"]->com.zoomcare.candidatechallenge.entity.Employee["properties"]->java.util.ArrayList[0]->com.zoomcare.candidatechallenge.entity.Properties["employee"]->com.zoomcare.candidatechallenge.entity.Employee["properties"]->java.util.ArrayList[0]->com.zoomcare.candidatechallenge.entity.Properties["employee"]->com.zoomcare.candidatechallenge.entity.Employee["properties"]->java.util.ArrayList[0]->com.zoomcare.candidatechallenge.entity.Properties["employee"]->com.zoomcare.candidatechallenge.entity.Employee["properties"]->java.util.ArrayList[0]->com.zoomcare.candidatechallenge.entity.Properties["employee"]->com.zoomcare.candidatechallenge.entity.Employee["properties"]->java.util.ArrayList[0]->com.zoomcare.candidatechallenge.entity.Properties["employee"]->com.zoomcare.candidatechallenge.entity.Employee["properties"]->java.util.ArrayList[0]->com.zoomcare.candidatechallenge.entity.Properties["employee"]->com.zoomcare.candidatechallenge.entity.Employee["properties"]->java.util.ArrayList[0]->com.zoomcare.candidatechallenge.entity.Properties["employee"]->com.zoomcare.candidatechallenge.entity.Employee["properties"]->java.util.ArrayList[0]->com.zoomcare.candidatechallenge.entity.Properties["employee"]->com.zoomcare.candidatechallenge.entity.Employee["properties"]->java.util.ArrayList[0]->com.zoomcare.candidatechallenge.entity.Properties["employee"]->com.zoomcare.candidatechallenge.entity.Employee["properties"]->java.util.ArrayList[0]->com.zoomcare.candidatechallenge.entity.Properties["employee"]->com.zoomcare.candidatechallenge.entity.Employee["properties"]->java.util.ArrayList[0]->com.zoomcare.candidatechallenge.entity.Properties["employee"]->com.zoomcare.candidatechallenge.entity.Employee["properties"]->java.util.ArrayList[0]->com.zoomcare.candidatechallenge.entity.Properties["employee"]->com.zoomcare.candidatechallenge.entity.Employee["properties"]->java.util.ArrayList[0]->com.zoomcare.candidatechallenge.entity.Properties["employee"]->com.zoomcare.candidatechallenge.entity.Employee["properties"]->java.util.ArrayList[0]->com.zoomcare.candidatechallenge.entity.Properties["employee"]->com.zoomcare.candidatechallenge.entity.Employee["properties"]->java.util.ArrayList[0]->com.zoomcare.candidatechallenge.entity.Properties["employee"]->com.zoomcare.candidatechallenge.entity.Employee["properties"]->java.util.ArrayList[0]->com.zoomcare.candidatechallenge.entity.Properties["employee"]->com.zoomcare.candidatechallenge.entity.Employee["properties"]->java.util.ArrayList[0]->com.zoomcare.candidatechallenge.entity.Properties["employee"]->com.zoomcare.candidatechallenge.entity.Employee["properties"]->java.util.ArrayList[0]->com.zoomcare.candidatechallenge.entity.Properties["employee"]->com.zoomcare.candidatechallenge.entity.Employee["properties"]->java.util.ArrayList[0]->com.zoomcare.candidatechallenge.entity.Properties["employee"]->com.zoomcare.candidatechallenge.entity.Employee["properties"]->java.util.ArrayList[0]->com.zoomcare.candidatechallenge.entity.Properties["employee"]->com.zoomcare.candidatechallenge.entity.Employee["properties"]->java.util.ArrayList[0]->com.zoomcare.candidatechallenge.entity.Properties["employee"]->com.zoomcare.candidatechallenge.entity.Employee["properties"]->java.util.ArrayList[0]->com.zoomcare.candidatechallenge.entity.Properties["employee"]->com.zoomcare.candidatechallenge.entity.Employee["properties"]->java.util.ArrayList[0]->com.zoomcare.candidatechallenge.entity.Properties["employee"]->com.zoomcare.candidatechallenge.entity.Employee["properties"]->java.util.ArrayList[0]->com.zoomcare.candidatechallenge.entity.Properties["employee"]->com.zoomcare.candidatechallenge.entity.Employee["properties"]->java.util.ArrayList[0]->com.zoomcare.candidatechallenge.entity.Properties["employee"]->com.zoomcare.candidatechallenge.entity.Employee["properties"]->java.util.ArrayList[0]->com.zoomcare.candidatechallenge.entity.Properties["employee"]->com.zoomcare.candidatechallenge.entity.Employee["properties"]->java.util.ArrayList[0]->com.zoomcare.candidatechallenge.entity.Properties["employee"]->com.zoomcare.candidatechallenge.entity.Employee["properties"]->java.util.ArrayList[0]->com.zoomcare.candidatechallenge.entity.Properties["employee"]->com.zoomcare.candidatechallenge.entity.Employee["properties"]->java.util.ArrayList[0]->com.zoomcare.candidatechallenge.entity.Properties["employee"]->com.zoomcare.candidatechallenge.entity.Employee["properties"]->java.util.ArrayList[0]->com.zoomcare.candidatechallenge.entity.Properties["employee"]->com.zoomcare.candidatechallenge.entity.Employee["properties"]->java.util.ArrayList[0]->com.zoomcare.candidatechallenge.entity.Properties["employee"]->com.zoomcare.candidatechallenge.entity.Employee["properties"]->java.util.ArrayList[0]->com.zoomcare.candidatechallenge.entity.Properties["employee"]->com.zoomcare.candidatechallenge.entity.Employee["properties"]->java.util.ArrayList[0]->com.zoomcare.candidatechallenge.entity.Properties["employee"]->com.zoomcare.candidatechallenge.entity.Employee["properties"]->java.util.ArrayList[0]->com.zoomcare.candidatechallenge.entity.Properties["employee"]->com.zoomcare.candidatechallenge.entity.Employee["properties"]->java.util.ArrayList[0]->com.zoomcare.candidatechallenge.entity.Properties["employee"]->com.zoomcare.candidatechallenge.entity.Employee["properties"]->java.util.ArrayList[0]->com.zoomcare.candidatechallenge.entity.Properties["employee"]->com.zoomcare.candidatechallenge.entity.Employee["properties"]->java.util.ArrayList[0]->com.zoomcare.candidatechallenge.entity.Properties["employee"]->com.zoomcare.candidatechallenge.entity.Employee["properties"]->java.util.ArrayList[0]->com.zoomcare.candidatechallenge.entity.Properties["employee"]->com.zoomcare.candidatechallenge.entity.Employee["properties"]->java.util.ArrayList[0]->com.zoomcare.candidatechallenge.entity.Properties["employee"]->com.zoomcare.candidatechallenge.entity.Employee["properties"]->java.util.ArrayList[0]->com.zoomcare.candidatechallenge.entity.Properties["employee"]->com.zoomcare.candidatechallenge.entity.Employee["properties"]->java.util.ArrayList[0]->com.zoomcare.candidatechallenge.entity.Properties["employee"]->com.zoomcare.candidatechallenge.entity.Employee["properties"]->java.util.ArrayList[0]->com.zoomcare.candidatechallenge.entity.Properties["employee"]->com.zoomcare.candidatechallenge.entity.Employee["properties"]->java.util.ArrayList[0]->com.zoomcare.candidatechallenge.entity.Properties["employee"]->com.zoomcare.candidatechallenge.entity.Employee["properties"]->java.util.ArrayList[0]->com.zoomcare.candidatechallenge.entity.Properties["employee"]->com.zoomcare.candidatechallenge.entity.Employee["properties"]->java.util.ArrayList[0]->com.zoomcare.candidatechallenge.entity.Properties["employee"]->com.zoomcare.candidatechallenge.entity.Employee["properties"]->java.util.ArrayList[0]->com.zoomcare.candidatechallenge.entity.Properties["employee"]->com.zoomcare.candidatechallenge.entity.Employee["properties"]->java.util.ArrayList[0]->com.zoomcare.candidatechallenge.entity.Properties["employee"]->com.zoomcare.candidatechallenge.entity.Employee["properties"]->java.util.ArrayList[0]->com.zoomcare.candidatechallenge.entity.Properties["employee"]->com.zoomcare.candidatechallenge.entity.Employee["properties"]->java.util.ArrayList[0]->com.zoomcare.candidatechallenge.entity.Properties["employee"]->com.zoomcare.candidatechallenge.entity.Employee["properties"]->java.util.ArrayList[0]->com.zoomcare.candidatechallenge.entity.Properties["employee"]->com.zoomcare.candidatechallenge.entity.Employee["properties"]->java.util.ArrayList[0]->com.zoomcare.candidatechallenge.entity.Properties["employee"]->com.zoomcare.candidatechallenge.entity.Employee["properties"]->java.util.ArrayList[0]->com.zoomcare.candidatechallenge.entity.Properties["employee"]->com.zoomcare.candidatechallenge.entity.Employee["properties"]->java.util.ArrayList[0]->com.zoomcare.candidatechallenge.entity.Properties["employee"]->com.zoomcare.candidatechallenge.entity.Employee["properties"]->java.util.ArrayList[0]->com.zoomcare.candidatechallenge.entity.Properties["employee"]->com.zoomcare.candidatechallenge.entity.Employee["properties"]->java.util.ArrayList[0]->com.zoomcare.candidatechallenge.entity.Properties["employee"]->com.zoomcare.candidatechallenge.entity.Employee["properties"]->java.util.ArrayList[0]->com.zoomcare.candidatechallenge.entity.Properties["employee"]->com.zoomcare.candidatechallenge.entity.Employee["properties"]->java.util.ArrayList[0]->com.zoomcare.candidatechallenge.entity.Properties["employee"]->com.zoomcare.candidatechallenge.entity.Employee["properties"]->java.util.ArrayList[0]->com.zoomcare.candidatechallenge.entity.Properties["employee"]->com.zoomcare.candidatechallenge.entity.Employee["properties"]->java.util.ArrayList[0]->com.zoomcare.candidatechallenge.entity.Properties["employee"]->com.zoomcare.candidatechallenge.entity.Employee["properties"]->java.util.ArrayList[0]->com.zoomcare.candidatechallenge.entity.Properties["employee"]->com.zoomcare.candidatechallenge.entity.Employee["properties"]->java.util.ArrayList[0]->com.zoomcare.candidatechallenge.entity.Properties["employee"]->com.zoomcare.candidatechallenge.entity.Employee["properties"]->java.util.ArrayList[0]->com.zoomcare.candidatechallenge.entity.Properties["employee"]->com.zoomcare.candidatechallenge.entity.Employee["properties"]->java.util.ArrayList[0]->com.zoomcare.candidatechallenge.entity.Properties["employee"]->com.zoomcare.candidatechallenge.entity.Employee["properties"]->java.util.ArrayList[0]->com.zoomcare.candidatechallenge.entity.Properties["employee"]->com.zoomcare.candidatechallenge.entity.Employee["properties"]->java.util.ArrayList[0]->com.zoomcare.candidatechallenge.entity.Properties["employee"]->com.zoomcare.candidatechallenge.entity.Employee["properties"]->java.util.ArrayList[0]->com.zoomcare.candidatechallenge.entity.Properties["employee"]->com.zoomcare.candidatechallenge.entity.Employee["properties"]->java.util.ArrayList[0]->com.zoomcare.candidatechallenge.entity.Properties["employee"]->com.zoomcare.candidatechallenge.entity.Employee["properties"]->java.util.ArrayList[0]->com.zoomcare.candidatechallenge.entity.Properties["employee"]->com.zoomcare.candidatechallenge.entity.Employee["properties"]->java.util.ArrayList[0]->com.zoomcare.candidatechallenge.entity.Properties["employee"]->com.zoomcare.candidatechallenge.entity.Employee["properties"]->java.util.ArrayList[0]->com.zoomcare.candidatechallenge.entity.Properties["employee"]->com.zoomcare.candidatechallenge.entity.Employee["properties"]->java.util.ArrayList[0]->com.zoomcare.candidatechallenge.entity.Properties["employee"]->com.zoomcare.candidatechallenge.entity.Employee["properties"]->java.util.ArrayList[0]->com.zoomcare.candidatechallenge.entity.Properties["employee"]->com.zoomcare.candidatechallenge.entity.Employee["properties"]->java.util.ArrayList[0]->com.zoomcare.candidatechallenge.entity.Properties["employee"]->com.zoomcare.candidatechallenge.entity.Employee["properties"]->java.util.ArrayList[0]->com.zoomcare.candidatechallenge.entity.Properties["employee"]->com.zoomcare.candidatechallenge.entity.Employee["properties"]->java.util.ArrayList[0]->com.zoomcare.candidatechallenge.entity.Properties["employee"]->com.zoomcare.candidatechallenge.entity.Employee["properties"]->java.util.ArrayList[0]->com.zoomcare.candidatechallenge.entity.Properties["employee"]->com.zoomcare.candidatechallenge.entity.Employee["properties"]->java.util.ArrayList[0]->com.zoomcare.candidatechallenge.entity.Properties["employee"]->com.zoomcare.candidatechallenge.entity.Employee["properties"]->java.util.ArrayList[0]->com.zoomcare.candidatechallenge.entity.Properties["employee"]->com.zoomcare.candidatechallenge.entity.Employee["properties"]->java.util.ArrayList[0]->com.zoomcare.candidatechallenge.entity.Properties["employee"]->com.zoomcare.candidatechallenge.entity.Employee["properties"]->java.util.ArrayList[0]->com.zoomcare.candidatechallenge.entity.Properties["employee"]->com.zoomcare.candidatechallenge.entity.Employee["properties"]->java.util.ArrayList[0]->com.zoomcare.candidatechallenge.entity.Properties["employee"]->com.zoomcare.candidatechallenge.entity.Employee["properties"]->java.util.ArrayList[0]->com.zoomcare.candidatechallenge.entity.Properties["employee"]->com.zoomcare.candidatechallenge.entity.Employee["properties"]->java.util.ArrayList[0]->com.zoomcare.candidatechallenge.entity.Properties["employee"]->com.zoomcare.candidatechallenge.entity.Employee["properties"]->java.util.ArrayList[0]->com.zoomcare.candidatechallenge.entity.Properties["employee"]->com.zoomcare.candidatechallenge.entity.Employee["properties"]->java.util.ArrayList[0]->com.zoomcare.candidatechallenge.entity.Properties["employee"]->com.zoomcare.candidatechallenge.entity.Employee["properties"]->java.util.ArrayList[0]->com.zoomcare.candidatechallenge.entity.Properties["employee"]->com.zoomcare.candidatechallenge.entity.Employee["properties"]->java.util.ArrayList[0]->com.zoomcare.candidatechallenge.entity.Properties["employee"]->com.zoomcare.candidatechallenge.entity.Employee["properties"]->java.util.ArrayList[0]->com.zoomcare.candidatechallenge.entity.Properties["employee"]->com.zoomcare.candidatechallenge.entity.Employee["properties"]->java.util.ArrayList[0]->com.zoomcare.candidatechallenge.entity.Properties["employee"]->com.zoomcare.candidatechallenge.entity.Employee["properties"]->java.util.ArrayList[0]->com.zoomcare.candidatechallenge.entity.Properties["employee"]->com.zoomcare.candidatechallenge.entity.Employee["properties"]->java.util.ArrayList[0]->com.zoomcare.candidatechallenge.entity.Properties["employee"]->com.zoomcare.candidatechallenge.entity.Employee["properties"]->java.util.ArrayList[0]->com.zoomcare.candidatechallenge.entity.Properties["employee"]->com.zoomcare.candidatechallenge.entity.Employee["properties"]->java.util.ArrayList[0]->com.zoomcare.candidatechallenge.entity.Properties["employee"]->com.zoomcare.candidatechallenge.entity.Employee["properties"]->java.util.ArrayList[0]->com.zoomcare.candidatechallenge.entity.Properties["employee"]->com.zoomcare.candidatechallenge.entity.Employee["properties"]->java.util.ArrayList[0]->com.zoomcare.candidatechallenge.entity.Properties["employee"]->com.zoomcare.candidatechallenge.entity.Employee["properties"]->java.util.ArrayList[0]->com.zoomcare.candidatechallenge.entity.Properties["employee"]->com.zoomcare.candidatechallenge.entity.Employee["properties"]->java.util.ArrayList[0]->com.zoomcare.candidatechallenge.entity.Properties["employee"]->com.zoomcare.candidatechallenge.entity.Employee["properties"]->java.util.ArrayList[0]->com.zoomcare.candidatechallenge.entity.Properties["employee"]->com.zoomcare.candidatechallenge.entity.Employee["properties"]->java.util.ArrayList[0]->com.zoomcare.candidatechallenge.entity.Properties["employee"]->com.zoomcare.candidatechallenge.entity.Employee["properties"]->java.util.ArrayList[0]->com.zoomcare.candidatechallenge.entity.Properties["employee"]->com.zoomcare.candidatechallenge.entity.Employee["properties"]->java.util.ArrayList[0]->com.zoomcare.candidatechallenge.entity.Properties["employee"]->com.zoomcare.candidatechallenge.entity.Employee["properties"]->java.util.ArrayList[0]->com.zoomcare.candidatechallenge.entity.Properties["employee"]->com.zoomcare.candidatechallenge.entity.Employee["properties"]->java.util.ArrayList[0]->com.zoomcare.candidatechallenge.entity.Properties["employee"]->com.zoomcare.candidatechallenge.entity.Employee["properties"]->java.util.ArrayList[0]->com.zoomcare.candidatechallenge.entity.Properties["employee"]->com.zoomcare.candidatechallenge.entity.Employee["properties"]->java.util.ArrayList[0]->com.zoomcare.candidatechallenge.entity.Properties["employee"]->com.zoomcare.candidatechallenge.entity.Employee["properties"]->java.util.ArrayList[0]->com.zoomcare.candidatechallenge.entity.Properties["employee"]->com.zoomcare.candidatechallenge.entity.Employee["properties"]->java.util.ArrayList[0]->com.zoomcare.candidatechallenge.entity.Properties["employee"]->com.zoomcare.candidatechallenge.entity.Employee["properties"]->java.util.ArrayList[0]->com.zoomcare.candidatechallenge.entity.Properties["employee"]->com.zoomcare.candidatechallenge.entity.Employee["properties"]->java.util.ArrayList[0]->com.zoomcare.candidatechallenge.entity.Properties["employee"]->com.zoomcare.candidatechallenge.entity.Employee["properties"]->java.util.ArrayList[0]->com.zoomcare.candidatechallenge.entity.Properties["employee"]->com.zoomcare.candidatechallenge.entity.Employee["properties"]->java.util.ArrayList[0]->com.zoomcare.candidatechallenge.entity.Properties["employee"]->com.zoomcare.candidatechallenge.entity.Employee["properties"]->java.util.ArrayList[0]->com.zoomcare.candidatechallenge.entity.Properties["employee"]->com.zoomcare.candidatechallenge.entity.Employee["properties"]->java.util.ArrayList[0]->com.zoomcare.candidatechallenge.entity.Properties["employee"]->com.zoomcare.candidatechallenge.entity.Employee["properties"]->java.util.ArrayList[0]->com.zoomcare.candidatechallenge.entity.Properties["employee"]->com.zoomcare.candidatechallenge.entity.Employee["properties"]->java.util.ArrayList[0]->com.zoomcare.candidatechallenge.entity.Properties["employee"]->com.zoomcare.candidatechallenge.entity.Employee["properties"]->java.util.ArrayList[0]->com.zoomcare.candidatechallenge.entity.Properties["employee"]->com.zoomcare.candidatechallenge.entity.Employee["properties"]->java.util.ArrayList[0]->com.zoomcare.candidatechallenge.entity.Properties["employee"]->com.zoomcare.candidatechallenge.entity.Employee["properties"]->java.util.ArrayList[0]->com.zoomcare.candidatechallenge.entity.Properties["employee"]->com.zoomcare.candidatechallenge.entity.Employee["properties"]->java.util.ArrayList[0]->com.zoomcare.candidatechallenge.entity.Properties["employee"]->com.zoomcare.candidatechallenge.entity.Employee["properties"]->java.util.ArrayList[0]->com.zoomcare.candidatechallenge.entity.Properties["employee"]->com.zoomcare.candidatechallenge.entity.Employee["properties"]->java.util.ArrayList[0]->com.zoomcare.candidatechallenge.entity.Properties["employee"]->com.zoomcare.candidatechallenge.entity.Employee["properties"]->java.util.ArrayList[0]->com.zoomcare.candidatechallenge.entity.Properties["employee"]->com.zoomcare.candidatechallenge.entity.Employee["properties"]->java.util.ArrayList[0]->com.zoomcare.candidatechallenge.entity.Properties["employee"]->com.zoomcare.candidatechallenge.entity.Employee["properties"]->java.util.ArrayList[0]->com.zoomcare.candidatechallenge.entity.Properties["employee"]->com.zoomcare.candidatechallenge.entity.Employee["properties"]->java.util.ArrayList[0]->com.zoomcare.candidatechallenge.entity.Properties["employee"]->com.zoomcare.candidatechallenge.entity.Employee["properties"]->java.util.ArrayList[0]->com.zoomcare.candidatechallenge.entity.Properties["employee"]->com.zoomcare.candidatechallenge.entity.Employee["properties"]->java.util.ArrayList[0]->com.zoomcare.candidatechallenge.entity.Properties["employee"]->com.zoomcare.candidatechallenge.entity.Employee["properties"]->java.util.ArrayList[0]->com.zoomcare.candidatechallenge.entity.Properties["employee"]->com.zoomcare.candidatechallenge.entity.Employee["properties"]->java.util.ArrayList[0]->com.zoomcare.candidatechallenge.entity.Properties["employee"]->com.zoomcare.candidatechallenge.entity.Employee["properties"]->java.util.ArrayList[0]->com.zoomcare.candidatechallenge.entity.Properties["employee"]->com.zoomcare.candidatechallenge.entity.Employee["properties"]->java.util.ArrayList[0]->com.zoomcare.candidatechallenge.entity.Properties["employee"]->com.zoomcare.candidatechallenge.entity.Employee["properties"]->java.util.ArrayList[0]->com.zoomcare.candidatechallenge.entity.Properties["employee"]->com.zoomcare.candidatechallenge.entity.Employee["properties"]->java.util.ArrayList[0]->com.zoomcare.candidatechallenge.entity.Properties["employee"]->com.zoomcare.candidatechallenge.entity.Employee["properties"]->java.util.ArrayList[0]->com.zoomcare.candidatechallenge.entity.Properties["employee"]->com.zoomcare.candidatechallenge.entity.Employee["properties"]->java.util.ArrayList[0]->com.zoomcare.candidatechallenge.entity.Properties["employee"]->com.zoomcare.candidatechallenge.entity.Employee["properties"]->java.util.ArrayList[0]->com.zoomcare.candidatechallenge.entity.Properties["employee"]->com.zoomcare.candidatechallenge.entity.Employee["properties"]->java.util.ArrayList[0]->com.zoomcare.candidatechallenge.entity.Properties["employee"]->com.zoomcare.candidatechallenge.entity.Employee["properties"]->java.util.ArrayList[0]->com.zoomcare.candidatechallenge.entity.Properties["employee"]->com.zoomcare.candidatechallenge.entity.Employee["properties"]->java.util.ArrayList[0]->com.zoomcare.candidatechallenge.entity.Properties["employee"]->com.zoomcare.candidatechallenge.entity.Employee["properties"]->java.util.ArrayList[0]->com.zoomcare.candidatechallenge.entity.Properties["employee"]->com.zoomcare.candidatechallenge.entity.Employee["properties"]->java.util.ArrayList[0]->com.zoomcare.candidatechallenge.entity.Properties["employee"]->com.zoomcare.candidatechallenge.entity.Employee["properties"]->java.util.ArrayList[0]->com.zoomcare.candidatechallenge.entity.Properties["employee"]->com.zoomcare.candidatechallenge.entity.Employee["properties"]->java.util.ArrayList[0]->com.zoomcare.candidatechallenge.entity.Properties["employee"]->com.zoomcare.candidatechallenge.entity.Employee["properties"]->java.util.ArrayList[0]->com.zoomcare.candidatechallenge.entity.Properties["employee"]->com.zoomcare.candidatechallenge.entity.Employee["properties"]->java.util.ArrayList[0]->com.zoomcare.candidatechallenge.entity.Properties["employee"]->com.zoomcare.candidatechallenge.entity.Employee["properties"]->java.util.ArrayList[0]->com.zoomcare.candidatechallenge.entity.Properties["employee"]->com.zoomcare.candidatechallenge.entity.Employee["properties"]->java.util.ArrayList[0]->com.zoomcare.candidatechallenge.entity.Properties["employee"]->com.zoomcare.candidatechallenge.entity.Employee["properties"]->java.util.ArrayList[0]->com.zoomcare.candidatechallenge.entity.Properties["employee"]->com.zoomcare.candidatechallenge.entity.Employee["properties"]->java.util.ArrayList[0]->com.zoomcare.candidatechallenge.entity.Properties["employee"]->com.zoomcare.candidatechallenge.entity.Employee["properties"]->java.util.ArrayList[0]->com.zoomcare.candidatechallenge.entity.Properties["employee"]->com.zoomcare.candidatechallenge.entity.Employee["properties"]->java.util.ArrayList[0]->com.zoomcare.candidatechallenge.entity.Properties["employee"]->com.zoomcare.candidatechallenge.entity.Employee["properties"]->java.util.ArrayList[0]->com.zoomcare.candidatechallenge.entity.Properties["employee"]->com.zoomcare.candidatechallenge.entity.Employee["properties"]->java.util.ArrayList[0]->com.zoomcare.candidatechallenge.entity.Properties["employee"]->com.zoomcare.candidatechallenge.entity.Employee["properties"]->java.util.ArrayList[0]->com.zoomcare.candidatechallenge.entity.Properties["employee"]->com.zoomcare.candidatechallenge.entity.Employee["properties"]->java.util.ArrayList[0]->com.zoomcare.candidatechallenge.entity.Properties["employee"]->com.zoomcare.candidatechallenge.entity.Employee["properties"]->java.util.ArrayList[0]->com.zoomcare.candidatechallenge.entity.Properties["employee"]->com.zoomcare.candidatechallenge.entity.Employee["properties"]->java.util.ArrayList[0]->com.zoomcare.candidatechallenge.entity.Properties["employee"]->com.zoomcare.candidatechallenge.entity.Employee["properties"]->java.util.ArrayList[0]->com.zoomcare.candidatechallenge.entity.Properties["employee"]->com.zoomcare.candidatechallenge.entity.Employee["properties"]->java.util.ArrayList[0]->com.zoomcare.candidatechallenge.entity.Properties["employee"]->com.zoomcare.candidatechallenge.entity.Employee["properties"]->java.util.ArrayList[0]->com.zoomcare.candidatechallenge.entity.Properties["employee"]->com.zoomcare.candidatechallenge.entity.Employee["properties"]->java.util.ArrayList[0]->com.zoomcare.candidatechallenge.entity.Properties["employee"]->com.zoomcare.candidatechallenge.entity.Employee["properties"]->java.util.ArrayList[0]->com.zoomcare.candidatechallenge.entity.Properties["employee"]->com.zoomcare.candidatechallenge.entity.Employee["properties"]->java.util.ArrayList[0]->com.zoomcare.candidatechallenge.entity.Properties["employee"]->com.zoomcare.candidatechallenge.entity.Employee["properties"]->java.util.ArrayList[0]->com.zoomcare.candidatechallenge.entity.Properties["employee"]->com.zoomcare.candidatechallenge.entity.Employee["properties"]->java.util.ArrayList[0]->com.zoomcare.candidatechallenge.entity.Properties["employee"]->com.zoomcare.candidatechallenge.entity.Employee["properties"]->java.util.ArrayList[0]->com.zoomcare.candidatechallenge.entity.Properties["employee"]->com.zoomcare.candidatechallenge.entity.Employee["properties"]->java.util.ArrayList[0]->com.zoomcare.candidatechallenge.entity.Properties["employee"]->com.zoomcare.candidatechallenge.entity.Employee["properties"]->java.util.ArrayList[0]->com.zoomcare.candidatechallenge.entity.Properties["employee"]->com.zoomcare.candidatechallenge.entity.Employee["properties"]->java.util.ArrayList[0]->com.zoomcare.candidatechallenge.entity.Properties["employee"]->com.zoomcare.candidatechallenge.entity.Employee["properties"]->java.util.ArrayList[0]->com.zoomcare.candidatechallenge.entity.Properties["employee"]->com.zoomcare.candidatechallenge.entity.Employee["properties"]->java.util.ArrayList[0]->com.zoomcare.candidatechallenge.entity.Properties["employee"]->com.zoomcare.candidatechallenge.entity.Employee["properties"]->java.util.ArrayList[0]->com.zoomcare.candidatechallenge.entity.Properties["employee"]->com.zoomcare.candidatechallenge.entity.Employee["properties"]->java.util.ArrayList[0]->com.zoomcare.candidatechallenge.entity.Properties["employee"]->com.zoomcare.candidatechallenge.entity.Employee["properties"]->java.util.ArrayList[0]->com.zoomcare.candidatechallenge.entity.Properties["employee"]->com.zoomcare.candidatechallenge.entity.Employee["properties"]->java.util.ArrayList[0]->com.zoomcare.candidatechallenge.entity.Properties["employee"]->com.zoomcare.candidatechallenge.entity.Employee["properties"]->java.util.ArrayList[0]->com.zoomcare.candidatechallenge.entity.Properties["employee"]->com.zoomcare.candidatechallenge.entity.Employee["properties"]->java.util.ArrayList[0]->com.zoomcare.candidatechallenge.entity.Properties["employee"]->com.zoomcare.candidatechallenge.entity.Employee["properties"]->java.util.ArrayList[0]->com.zoomcare.candidatechallenge.entity.Properties["employee"]->com.zoomcare.candidatechallenge.entity.Employee["properties"]->java.util.ArrayList[0]->com.zoomcare.candidatechallenge.entity.Properties["employee"]->com.zoomcare.candidatechallenge.entity.Employee["properties"]->java.util.ArrayList[0]->com.zoomcare.candidatechallenge.entity.Properties["employee"]->com.zoomcare.candidatechallenge.entity.Employee["properties"]->java.util.ArrayList[0]->com.zoomcare.candidatechallenge.entity.Properties["employee"]->com.zoomcare.candidatechallenge.entity.Employee["properties"]->java.util.ArrayList[0]->com.zoomcare.candidatechallenge.entity.Properties["employee"]->com.zoomcare.candidatechallenge.entity.Employee["properties"]->java.util.ArrayList[0]->com.zoomcare.candidatechallenge.entity.Properties["employee"]->com.zoomcare.candidatechallenge.entity.Employee["properties"]->java.util.ArrayList[0]->com.zoomcare.candidatechallenge.entity.Properties["employee"]->com.zoomcare.candidatechallenge.entity.Employee["properties"]->java.util.ArrayList[0]->com.zoomcare.candidatechallenge.entity.Properties["employee"]->com.zoomcare.candidatechallenge.entity.Employee["properties"]->java.util.ArrayList[0]->com.zoomcare.candidatechallenge.entity.Properties["employee"]->com.zoomcare.candidatechallenge.entity.Employee["properties"]->java.util.ArrayList[0]->com.zoomcare.candidatechallenge.entity.Properties["employee"]->com.zoomcare.candidatechallenge.entity.Employee["properties"]->java.util.ArrayList[0]->com.zoomcare.candidatechallenge.entity.Properties["employee"]->com.zoomcare.candidatechallenge.entity.Employee["properties"]->java.util.ArrayList[0]->com.zoomcare.candidatechallenge.entity.Properties["employee"]->com.zoomcare.candidatechallenge.entity.Employee["properties"]->java.util.ArrayList[0]->com.zoomcare.candidatechallenge.entity.Properties["employee"]->com.zoomcare.candidatechallenge.entity.Employee["properties"]->java.util.ArrayList[0]->com.zoomcare.candidatechallenge.entity.Properties["employee"]->com.zoomcare.candidatechallenge.entity.Employee["properties"]->java.util.ArrayList[0]->com.zoomcare.candidatechallenge.entity.Properties["employee"]->com.zoomcare.candidatechallenge.entity.Employee["properties"]->java.util.ArrayList[0]->com.zoomcare.candidatechallenge.entity.Properties["employee"]->com.zoomcare.candidatechallenge.entity.Employee["properties"]->java.util.ArrayList[0]->com.zoomcare.candidatechallenge.entity.Properties["employee"]->com.zoomcare.candidatechallenge.entity.Employee["properties"]->java.util.ArrayList[0]->com.zoomcare.candidatechallenge.entity.Properties["employee"]->com.zoomcare.candidatechallenge.entity.Employee["properties"]->java.util.ArrayList[0]->com.zoomcare.candidatechallenge.entity.Properties["employee"]->com.zoomcare.candidatechallenge.entity.Employee["properties"]->java.util.ArrayList[0]->com.zoomcare.candidatechallenge.entity.Properties["employee"]->com.zoomcare.candidatechallenge.entity.Employee["properties"]->java.util.ArrayList[0]->com.zoomcare.candidatechallenge.entity.Properties["employee"]->com.zoomcare.candidatechallenge.entity.Employee["properties"]->java.util.ArrayList[0]->com.zoomcare.candidatechallenge.entity.Properties["employee"]->com.zoomcare.candidatechallenge.entity.Employee["properties"]->java.util.ArrayList[0]->com.zoomcare.candidatechallenge.entity.Properties["employee"]->com.zoomcare.candidatechallenge.entity.Employee["properties"]->java.util.ArrayList[0]->com.zoomcare.candidatechallenge.entity.Properties["employee"]->com.zoomcare.candidatechallenge.entity.Employee["properties"]->java.util.ArrayList[0]->com.zoomcare.candidatechallenge.entity.Properties["employee"]->com.zoomcare.candidatechallenge.entity.Employee["properties"]->java.util.ArrayList[0]->com.zoomcare.candidatechallenge.entity.Properties["employee"]->com.zoomcare.candidatechallenge.entity.Employee["properties"]->java.util.ArrayList[0]->com.zoomcare.candidatechallenge.entity.Properties["employee"]->com.zoomcare.candidatechallenge.entity.Employee["properties"]->java.util.ArrayList[0]->com.zoomcare.candidatechallenge.entity.Properties["employee"]->com.zoomcare.candidatechallenge.entity.Employee["properties"]->java.util.ArrayList[0]->com.zoomcare.candidatechallenge.entity.Properties["employee"]->com.zoomcare.candidatechallenge.entity.Employee["properties"]->java.util.ArrayList[0]->com.zoomcare.candidatechallenge.entity.Properties["employee"]->com.zoomcare.candidatechallenge.entity.Employee["properties"]->java.util.ArrayList[0]->com.zoomcare.candidatechallenge.entity.Properties["employee"]->com.zoomcare.candidatechallenge.entity.Employee["properties"]->java.util.ArrayList[0]->com.zoomcare.candidatechallenge.entity.Properties["employee"]->com.zoomcare.candidatechallenge.entity.Employee["properties"]->java.util.ArrayList[0]->com.zoomcare.candidatechallenge.entity.Properties["employee"]->com.zoomcare.candidatechallenge.entity.Employee["properties"]->java.util.ArrayList[0]->com.zoomcare.candidatechallenge.entity.Properties["employee"]->com.zoomcare.candidatechallenge.entity.Employee["properties"]->java.util.ArrayList[0]->com.zoomcare.candidatechallenge.entity.Properties["employee"]->com.zoomcare.candidatechallenge.entity.Employee["properties"]->java.util.ArrayList[0]->com.zoomcare.candidatechallenge.entity.Properties["employee"]->com.zoomcare.candidatechallenge.entity.Employee["properties"]->java.util.ArrayList[0]->com.zoomcare.candidatechallenge.entity.Properties["employee"]->com.zoomcare.candidatechallenge.entity.Employee["properties"]->java.util.ArrayList[0]->com.zoomcare.candidatechallenge.entity.Properties["employee"]->com.zoomcare.candidatechallenge.entity.Employee["properties"]->java.util.ArrayList[0]->com.zoomcare.candidatechallenge.entity.Properties["employee"]->com.zoomcare.candidatechallenge.entity.Employee["properties"]->java.util.ArrayList[0]->com.zoomcare.candidatechallenge.entity.Properties["employee"]->com.zoomcare.candidatechallenge.entity.Employee["properties"]->java.util.ArrayList[0]->com.zoomcare.candidatechallenge.entity.Properties["employee"]->com.zoomcare.candidatechallenge.entity.Employee["properties"]->java.util.ArrayList[0]->com.zoomcare.candidatechallenge.entity.Properties["employee"]->com.zoomcare.candidatechallenge.entity.Employee["properties"]->java.util.ArrayList[0]->com.zoomcare.candidatechallenge.entity.Properties["employee"]->com.zoomcare.candidatechallenge.entity.Employee["properties"]->java.util.ArrayList[0]->com.zoomcare.candidatechallenge.entity.Properties["employee"]->com.zoomcare.candidatechallenge.entity.Employee["properties"]->java.util.ArrayList[0]->com.zoomcare.candidatechallenge.entity.Properties["employee"]->com.zoomcare.candidatechallenge.entity.Employee["properties"]->java.util.ArrayList[0]->com.zoomcare.candidatechallenge.entity.Properties["employee"]->com.zoomcare.candidatechallenge.entity.Employee["properties"]->java.util.ArrayList[0]->com.zoomcare.candidatechallenge.entity.Properties["employee"]->com.zoomcare.candidatechallenge.entity.Employee["properties"]->java.util.ArrayList[0]->com.zoomcare.candidatechallenge.entity.Properties["employee"]->com.zoomcare.candidatechallenge.entity.Employee["properties"]->java.util.ArrayList[0]->com.zoomcare.candidatechallenge.entity.Properties["employee"]->com.zoomcare.candidatechallenge.entity.Employee["properties"]->java.util.ArrayList[0]->com.zoomcare.candidatechallenge.entity.Properties["employee"]->com.zoomcare.candidatechallenge.entity.Employee["properties"]->java.util.ArrayList[0]->com.zoomcare.candidatechallenge.entity.Properties["employee"]->com.zoomcare.candidatechallenge.entity.Employee["properties"]->java.util.ArrayList[0]->com.zoomcare.candidatechallenge.entity.Properties["employee"]->com.zoomcare.candidatechallenge.entity.Employee["properties"]->java.util.ArrayList[0]->com.zoomcare.candidatechallenge.entity.Properties["employee"]->com.zoomcare.candidatechallenge.entity.Employee["properties"]->java.util.ArrayList[0]->com.zoomcare.candidatechallenge.entity.Properties["employee"]->com.zoomcare.candidatechallenge.entity.Employee["properties"]->java.util.ArrayList[0]->com.zoomcare.candidatechallenge.entity.Properties["employee"]->com.zoomcare.candidatechallenge.entity.Employee["properties"]->java.util.ArrayList[0]->com.zoomcare.candidatechallenge.entity.Properties["employee"]->com.zoomcare.candidatechallenge.entity.Employee["properties"])
	at com.fasterxml.jackson.databind.ser.std.BeanSerializerBase.serializeFields(BeanSerializerBase.java:734)
	at com.fasterxml.jackson.databind.ser.BeanSerializer.serialize(BeanSerializer.java:155)
	at com.fasterxml.jackson.databind.ser.BeanPropertyWriter.serializeAsField(BeanPropertyWriter.java:727)
	at com.fasterxml.jackson.databind.ser.std.BeanSerializerBase.serializeFields(BeanSerializerBase.java:719)
	at com.fasterxml.jackson.databind.ser.BeanSerializer.serialize(BeanSerializer.java:155)
	at com.fasterxml.jackson.databind.ser.impl.IndexedListSerializer.serializeContents(IndexedListSerializer.java:119)
	at com.fasterxml.jackson.databind.ser.impl.IndexedListSerializer.serialize(IndexedListSerializer.java:79)
	at com.fasterxml.jackson.databind.ser.impl.IndexedListSerializer.serialize(IndexedListSerializer.java:18)
	at com.fasterxml.jackson.databind.ser.BeanPropertyWriter.serializeAsField(BeanPropertyWriter.java:727)
	at com.fasterxml.jackson.databind.ser.std.BeanSerializerBase.serializeFields(BeanSerializerBase.java:719)
	at com.fasterxml.jackson.databind.ser.BeanSerializer.serialize(BeanSerializer.java:155)
	at com.fasterxml.jackson.databind.ser.BeanPropertyWriter.serializeAsField(BeanPropertyWriter.java:727)
	at com.fasterxml.jackson.databind.ser.std.BeanSerializerBase.serializeFields(BeanSerializerBase.java:719)
	at com.fasterxml.jackson.databind.ser.BeanSerializer.serialize(BeanSerializer.java:155)
	at com.fasterxml.jackson.databind.ser.impl.IndexedListSerializer.serializeContents(IndexedListSerializer.java:119)
	at com.fasterxml.jackson.databind.ser.impl.IndexedListSerializer.serialize(IndexedListSerializer.java:79)
	at com.fasterxml.jackson.databind.ser.impl.IndexedListSerializer.serialize(IndexedListSerializer.java:18)
	at com.fasterxml.jackson.databind.ser.BeanPropertyWriter.serializeAsField(BeanPropertyWriter.java:727)
	at com.fasterxml.jackson.databind.ser.std.BeanSerializerBase.serializeFields(BeanSerializerBase.java:719)
	at com.fasterxml.jackson.databind.ser.BeanSerializer.serialize(BeanSerializer.java:155)
	at com.fasterxml.jackson.databind.ser.BeanPropertyWriter.serializeAsField(BeanPropertyWriter.java:727)
	at com.fasterxml.jackson.databind.ser.std.BeanSerializerBase.serializeFields(BeanSerializerBase.java:719)
	at com.fasterxml.jackson.databind.ser.BeanSerializer.serialize(BeanSerializer.java:155)
	at com.fasterxml.jackson.databind.ser.impl.IndexedListSerializer.serializeContents(IndexedListSerializer.java:119)
	at com.fasterxml.jackson.databind.ser.impl.IndexedListSerializer.serialize(IndexedListSerializer.java:79)
	at com.fasterxml.jackson.databind.ser.impl.IndexedListSerializer.serialize(IndexedListSerializer.java:18)
	at com.fasterxml.jackson.databind.ser.BeanPropertyWriter.serializeAsField(BeanPropertyWriter.java:727)
	at com.fasterxml.jackson.databind.ser.std.BeanSerializerBase.serializeFields(BeanSerializerBase.java:719)
	at com.fasterxml.jackson.databind.ser.BeanSerializer.serialize(BeanSerializer.java:155)
	at com.fasterxml.jackson.databind.ser.BeanPropertyWriter.serializeAsField(BeanPropertyWriter.java:727)
	at com.fasterxml.jackson.databind.ser.std.BeanSerializerBase.serializeFields(BeanSerializerBase.java:719)
	at com.fasterxml.jackson.databind.ser.BeanSerializer.serialize(BeanSerializer.java:155)
	at com.fasterxml.jackson.databind.ser.impl.IndexedListSerializer.serializeContents(IndexedListSerializer.java:119)
	at com.fasterxml.jackson.databind.ser.impl.IndexedListSerializer.serialize(IndexedListSerializer.java:79)
	at com.fasterxml.jackson.databind.ser.impl.IndexedListSerializer.serialize(IndexedListSerializer.java:18)
	at com.fasterxml.jackson.databind.ser.BeanPropertyWriter.serializeAsField(BeanPropertyWriter.java:727)
	at com.fasterxml.jackson.databind.ser.std.BeanSerializerBase.serializeFields(BeanSerializerBase.java:719)
	at com.fasterxml.jackson.databind.ser.BeanSerializer.serialize(BeanSerializer.java:155)
	at com.fasterxml.jackson.databind.ser.BeanPropertyWriter.serializeAsField(BeanPropertyWriter.java:727)
	at com.fasterxml.jackson.databind.ser.std.BeanSerializerBase.serializeFields(BeanSerializerBase.java:719)
	at com.fasterxml.jackson.databind.ser.BeanSerializer.serialize(BeanSerializer.java:155)
	at com.fasterxml.jackson.databind.ser.impl.IndexedListSerializer.serializeContents(IndexedListSerializer.java:119)
	at com.fasterxml.jackson.databind.ser.impl.IndexedListSerializer.serialize(IndexedListSerializer.java:79)
	at com.fasterxml.jackson.databind.ser.impl.IndexedListSerializer.serialize(IndexedListSerializer.java:18)
	at com.fasterxml.jackson.databind.ser.BeanPropertyWriter.serializeAsField(BeanPropertyWriter.java:727)
	at com.fasterxml.jackson.databind.ser.std.BeanSerializerBase.serializeFields(BeanSerializerBase.java:719)
	at com.fasterxml.jackson.databind.ser.BeanSerializer.serialize(BeanSerializer.java:155)
	at com.fasterxml.jackson.databind.ser.BeanPropertyWriter.serializeAsField(BeanPropertyWriter.java:727)
	at com.fasterxml.jackson.databind.ser.std.BeanSerializerBase.serializeFields(BeanSerializerBase.java:719)
	at com.fasterxml.jackson.databind.ser.BeanSerializer.serialize(BeanSerializer.java:155)
	at com.fasterxml.jackson.databind.ser.impl.IndexedListSerializer.serializeContents(IndexedListSerializer.java:119)
	at com.fasterxml.jackson.databind.ser.impl.IndexedListSerializer.serialize(IndexedListSerializer.java:79)
	at com.fasterxml.jackson.databind.ser.impl.IndexedListSerializer.serialize(IndexedListSerializer.java:18)
	at com.fasterxml.jackson.databind.ser.BeanPropertyWriter.serializeAsField(BeanPropertyWriter.java:727)
	at com.fasterxml.jackson.databind.ser.std.BeanSerializerBase.serializeFields(BeanSerializerBase.java:719)
	at com.fasterxml.jackson.databind.ser.BeanSerializer.serialize(BeanSerializer.java:155)
	at com.fasterxml.jackson.databind.ser.BeanPropertyWriter.serializeAsField(BeanPropertyWriter.java:727)
	at com.fasterxml.jackson.databind.ser.std.BeanSerializerBase.serializeFields(BeanSerializerBase.java:719)
	at com.fasterxml.jackson.databind.ser.BeanSerializer.serialize(BeanSerializer.java:155)
	at com.fasterxml.jackson.databind.ser.impl.IndexedListSerializer.serializeContents(IndexedListSerializer.java:119)
	at com.fasterxml.jackson.databind.ser.impl.IndexedListSerializer.serialize(IndexedListSerializer.java:79)
	at com.fasterxml.jackson.databind.ser.impl.IndexedListSerializer.serialize(IndexedListSerializer.java:18)
	at com.fasterxml.jackson.databind.ser.BeanPropertyWriter.serializeAsField(BeanPropertyWriter.java:727)
	at com.fasterxml.jackson.databind.ser.std.BeanSerializerBase.serializeFields(BeanSerializerBase.java:719)
	at com.fasterxml.jackson.databind.ser.BeanSerializer.serialize(BeanSerializer.java:155)
	at com.fasterxml.jackson.databind.ser.BeanPropertyWriter.serializeAsField(BeanPropertyWriter.java:727)
	at com.fasterxml.jackson.databind.ser.std.BeanSerializerBase.serializeFields(BeanSerializerBase.java:719)
	at com.fasterxml.jackson.databind.ser.BeanSerializer.serialize(BeanSerializer.java:155)
	at com.fasterxml.jackson.databind.ser.impl.IndexedListSerializer.serializeContents(IndexedListSerializer.java:119)
	at com.fasterxml.jackson.databind.ser.impl.IndexedListSerializer.serialize(IndexedListSerializer.java:79)
	at com.fasterxml.jackson.databind.ser.impl.IndexedListSerializer.serialize(IndexedListSerializer.java:18)
	at com.fasterxml.jackson.databind.ser.BeanPropertyWriter.serializeAsField(BeanPropertyWriter.java:727)
	at com.fasterxml.jackson.databind.ser.std.BeanSerializerBase.serializeFields(BeanSerializerBase.java:719)
	at com.fasterxml.jackson.databind.ser.BeanSerializer.serialize(BeanSerializer.java:155)
	at com.fasterxml.jackson.databind.ser.BeanPropertyWriter.serializeAsField(BeanPropertyWriter.java:727)
	at com.fasterxml.jackson.databind.ser.std.BeanSerializerBase.serializeFields(BeanSerializerBase.java:719)
	at com.fasterxml.jackson.databind.ser.BeanSerializer.serialize(BeanSerializer.java:155)
	at com.fasterxml.jackson.databind.ser.impl.IndexedListSerializer.serializeContents(IndexedListSerializer.java:119)
	at com.fasterxml.jackson.databind.ser.impl.IndexedListSerializer.serialize(IndexedListSerializer.java:79)
	at com.fasterxml.jackson.databind.ser.impl.IndexedListSerializer.serialize(IndexedListSerializer.java:18)
	at com.fasterxml.jackson.databind.ser.BeanPropertyWriter.serializeAsField(BeanPropertyWriter.java:727)
	at com.fasterxml.jackson.databind.ser.std.BeanSerializerBase.serializeFields(BeanSerializerBase.java:719)
	at com.fasterxml.jackson.databind.ser.BeanSerializer.serialize(BeanSerializer.java:155)
	at com.fasterxml.jackson.databind.ser.BeanPropertyWriter.serializeAsField(BeanPropertyWriter.java:727)
	at com.fasterxml.jackson.databind.ser.std.BeanSerializerBase.serializeFields(BeanSerializerBase.java:719)
	at com.fasterxml.jackson.databind.ser.BeanSerializer.serialize(BeanSerializer.java:155)
	at com.fasterxml.jackson.databind.ser.impl.IndexedListSerializer.serializeContents(IndexedListSerializer.java:119)
	at com.fasterxml.jackson.databind.ser.impl.IndexedListSerializer.serialize(IndexedListSerializer.java:79)
	at com.fasterxml.jackson.databind.ser.impl.IndexedListSerializer.serialize(IndexedListSerializer.java:18)
	at com.fasterxml.jackson.databind.ser.BeanPropertyWriter.serializeAsField(BeanPropertyWriter.java:727)
	at com.fasterxml.jackson.databind.ser.std.BeanSerializerBase.serializeFields(BeanSerializerBase.java:719)
	at com.fasterxml.jackson.databind.ser.BeanSerializer.serialize(BeanSerializer.java:155)
	at com.fasterxml.jackson.databind.ser.BeanPropertyWriter.serializeAsField(BeanPropertyWriter.java:727)
	at com.fasterxml.jackson.databind.ser.std.BeanSerializerBase.serializeFields(BeanSerializerBase.java:719)
	at com.fasterxml.jackson.databind.ser.BeanSerializer.serialize(BeanSerializer.java:155)
	at com.fasterxml.jackson.databind.ser.impl.IndexedListSerializer.serializeContents(IndexedListSerializer.java:119)
	at com.fasterxml.jackson.databind.ser.impl.IndexedListSerializer.serialize(IndexedListSerializer.java:79)
	at com.fasterxml.jackson.databind.ser.impl.IndexedListSerializer.serialize(IndexedListSerializer.java:18)
	at com.fasterxml.jackson.databind.ser.BeanPropertyWriter.serializeAsField(BeanPropertyWriter.java:727)
	at com.fasterxml.jackson.databind.ser.std.BeanSerializerBase.serializeFields(BeanSerializerBase.java:719)
	at com.fasterxml.jackson.databind.ser.BeanSerializer.serialize(BeanSerializer.java:155)
	at com.fasterxml.jackson.databind.ser.BeanPropertyWriter.serializeAsField(BeanPropertyWriter.java:727)
[...]
	at com.fasterxml.jackson.databind.ser.BeanSerializer.serialize(BeanSerializer.java:155)
	at com.fasterxml.jackson.databind.ser.impl.IndexedListSerializer.serializeContents(IndexedListSerializer.java:119)
	at com.fasterxml.jackson.databind.ser.impl.IndexedListSerializer.serialize(IndexedListSerializer.java:79)
	at com.fasterxml.jackson.databind.ser.impl.IndexedListSerializer.serialize(IndexedListSerializer.java:18)
	at com.fasterxml.jackson.databind.ser.BeanPropertyWriter.serializeAsField(BeanPropertyWriter.java:727)
	at com.fasterxml.jackson.databind.ser.std.BeanSerializerBase.serializeFields(BeanSerializerBase.java:719)
	at com.fasterxml.jackson.databind.ser.BeanSerializer.serialize(BeanSerializer.java:155)
	at com.fasterxml.jackson.databind.ser.BeanPropertyWriter.serializeAsField(BeanPropertyWriter.java:727)
	at com.fasterxml.jackson.databind.ser.std.BeanSerializerBase.serializeFields(BeanSerializerBase.java:719)
	at com.fasterxml.jackson.databind.ser.BeanSerializer.serialize(BeanSerializer.java:155)
	at com.fasterxml.jackson.databind.ser.impl.IndexedListSerializer.serializeContents(IndexedListSerializer.java:119)
	at com.fasterxml.jackson.databind.ser.impl.IndexedListSerializer.serialize(IndexedListSerializer.java:79)
	at com.fasterxml.jackson.databind.ser.impl.IndexedListSerializer.serialize(IndexedListSerializer.java:18)
	at com.fasterxml.jackson.databind.ser.BeanPropertyWriter.serializeAsField(BeanPropertyWriter.java:727)
	at com.fasterxml.jackson.databind.ser.std.BeanSerializerBase.serializeFields(BeanSerializerBase.java:719)
	at com.fasterxml.jackson.databind.ser.BeanSerializer.serialize(BeanSerializer.java:155)
	at com.fasterxml.jackson.databind.ser.BeanPropertyWriter.serializeAsField(BeanPropertyWriter.java:727)
	at com.fasterxml.jackson.databind.ser.std.BeanSerializerBase.serializeFields(BeanSerializerBase.java:719)
	at com.fasterxml.jackson.databind.ser.BeanSerializer.serialize(BeanSerializer.java:155)
	at com.fasterxml.jackson.databind.ser.impl.IndexedListSerializer.serializeContents(IndexedListSerializer.java:119)
	at com.fasterxml.jackson.databind.ser.impl.IndexedListSerializer.serialize(IndexedListSerializer.java:79)
	at com.fasterxml.jackson.databind.ser.impl.IndexedListSerializer.serialize(IndexedListSerializer.java:18)
	at com.fasterxml.jackson.databind.ser.BeanPropertyWriter.serializeAsField(BeanPropertyWriter.java:727)
	at com.fasterxml.jackson.databind.ser.std.BeanSerializerBase.serializeFields(BeanSerializerBase.java:719)
	at com.fasterxml.jackson.databind.ser.BeanSerializer.serialize(BeanSerializer.java:155)
	at com.fasterxml.jackson.databind.ser.BeanPropertyWriter.serializeAsField(BeanPropertyWriter.java:727)
	at com.fasterxml.jackson.databind.ser.std.BeanSerializerBase.serializeFields(BeanSerializerBase.java:719)
	at com.fasterxml.jackson.databind.ser.BeanSerializer.serialize(BeanSerializer.java:155)
	at com.fasterxml.jackson.databind.ser.impl.IndexedListSerializer.serializeContents(IndexedListSerializer.java:119)
	at com.fasterxml.jackson.databind.ser.impl.IndexedListSerializer.serialize(IndexedListSerializer.java:79)
	at com.fasterxml.jackson.databind.ser.impl.IndexedListSerializer.serialize(IndexedListSerializer.java:18)
	at com.fasterxml.jackson.databind.ser.BeanPropertyWriter.serializeAsField(BeanPropertyWriter.java:727)
	at com.fasterxml.jackson.databind.ser.std.BeanSerializerBase.serializeFields(BeanSerializerBase.java:719)
	at com.fasterxml.jackson.databind.ser.BeanSerializer.serialize(BeanSerializer.java:155)
	at com.fasterxml.jackson.databind.ser.BeanPropertyWriter.serializeAsField(BeanPropertyWriter.java:727)
	at com.fasterxml.jackson.databind.ser.std.BeanSerializerBase.serializeFields(BeanSerializerBase.java:719)
	at com.fasterxml.jackson.databind.ser.BeanSerializer.serialize(BeanSerializer.java:155)
	at com.fasterxml.jackson.databind.ser.impl.IndexedListSerializer.serializeContents(IndexedListSerializer.java:119)
	at com.fasterxml.jackson.databind.ser.impl.IndexedListSerializer.serialize(IndexedListSerializer.java:79)
	at com.fasterxml.jackson.databind.ser.impl.IndexedListSerializer.serialize(IndexedListSerializer.java:18)
	at com.fasterxml.jackson.databind.ser.BeanPropertyWriter.serializeAsField(BeanPropertyWriter.java:727)
	at com.fasterxml.jackson.databind.ser.std.BeanSerializerBase.serializeFields(BeanSerializerBase.java:719)
	at com.fasterxml.jackson.databind.ser.BeanSerializer.serialize(BeanSerializer.java:155)
	at com.fasterxml.jackson.databind.ser.BeanPropertyWriter.serializeAsField(BeanPropertyWriter.java:727)
	at com.fasterxml.jackson.databind.ser.std.BeanSerializerBase.serializeFields(BeanSerializerBase.java:719)
	at com.fasterxml.jackson.databind.ser.BeanSerializer.serialize(BeanSerializer.java:155)
	at com.fasterxml.jackson.databind.ser.impl.IndexedListSerializer.serializeContents(IndexedListSerializer.java:119)
	at com.fasterxml.jackson.databind.ser.impl.IndexedListSerializer.serialize(IndexedListSerializer.java:79)
	at com.fasterxml.jackson.databind.ser.impl.IndexedListSerializer.serialize(IndexedListSerializer.java:18)
	at com.fasterxml.jackson.databind.ser.BeanPropertyWriter.serializeAsField(BeanPropertyWriter.java:727)
	at com.fasterxml.jackson.databind.ser.std.BeanSerializerBase.serializeFields(BeanSerializerBase.java:719)
	at com.fasterxml.jackson.databind.ser.BeanSerializer.serialize(BeanSerializer.java:155)
	at com.fasterxml.jackson.databind.ser.BeanPropertyWriter.serializeAsField(BeanPropertyWriter.java:727)
	at com.fasterxml.jackson.databind.ser.std.BeanSerializerBase.serializeFields(BeanSerializerBase.java:719)
	at com.fasterxml.jackson.databind.ser.BeanSerializer.serialize(BeanSerializer.java:155)
	at com.fasterxml.jackson.databind.ser.impl.IndexedListSerializer.serializeContents(IndexedListSerializer.java:119)
	at com.fasterxml.jackson.databind.ser.impl.IndexedListSerializer.serialize(IndexedListSerializer.java:79)
	at com.fasterxml.jackson.databind.ser.impl.IndexedListSerializer.serialize(IndexedListSerializer.java:18)
	at com.fasterxml.jackson.databind.ser.BeanPropertyWriter.serializeAsField(BeanPropertyWriter.java:727)
	at com.fasterxml.jackson.databind.ser.std.BeanSerializerBase.serializeFields(BeanSerializerBase.java:719)
	at com.fasterxml.jackson.databind.ser.BeanSerializer.serialize(BeanSerializer.java:155)
	at com.fasterxml.jackson.databind.ser.BeanPropertyWriter.serializeAsField(BeanPropertyWriter.java:727)
	at com.fasterxml.jackson.databind.ser.std.BeanSerializerBase.serializeFields(BeanSerializerBase.java:719)
	at com.fasterxml.jackson.databind.ser.BeanSerializer.serialize(BeanSerializer.java:155)
	at com.fasterxml.jackson.databind.ser.impl.IndexedListSerializer.serializeContents(IndexedListSerializer.java:119)
	at com.fasterxml.jackson.databind.ser.impl.IndexedListSerializer.serialize(IndexedListSerializer.java:79)
	at com.fasterxml.jackson.databind.ser.impl.IndexedListSerializer.serialize(IndexedListSerializer.java:18)
	at com.fasterxml.jackson.databind.ser.BeanPropertyWriter.serializeAsField(BeanPropertyWriter.java:727)
	at com.fasterxml.jackson.databind.ser.std.BeanSerializerBase.serializeFields(BeanSerializerBase.java:719)
	at com.fasterxml.jackson.databind.ser.BeanSerializer.serialize(BeanSerializer.java:155)
	at com.fasterxml.jackson.databind.ser.BeanPropertyWriter.serializeAsField(BeanPropertyWriter.java:727)
	at com.fasterxml.jackson.databind.ser.std.BeanSerializerBase.serializeFields(BeanSerializerBase.java:719)
	at com.fasterxml.jackson.databind.ser.BeanSerializer.serialize(BeanSerializer.java:155)
	at com.fasterxml.jackson.databind.ser.impl.IndexedListSerializer.serializeContents(IndexedListSerializer.java:119)
	at com.fasterxml.jackson.databind.ser.impl.IndexedListSerializer.serialize(IndexedListSerializer.java:79)
	at com.fasterxml.jackson.databind.ser.impl.IndexedListSerializer.serialize(IndexedListSerializer.java:18)
	at com.fasterxml.jackson.databind.ser.BeanPropertyWriter.serializeAsField(BeanPropertyWriter.java:727)
	at com.fasterxml.jackson.databind.ser.std.BeanSerializerBase.serializeFields(BeanSerializerBase.java:719)
	at com.fasterxml.jackson.databind.ser.BeanSerializer.serialize(BeanSerializer.java:155)
	at com.fasterxml.jackson.databind.ser.BeanPropertyWriter.serializeAsField(BeanPropertyWriter.java:727)
	at com.fasterxml.jackson.databind.ser.std.BeanSerializerBase.serializeFields(BeanSerializerBase.java:719)
	at com.fasterxml.jackson.databind.ser.BeanSerializer.serialize(BeanSerializer.java:155)
	at com.fasterxml.jackson.databind.ser.impl.IndexedListSerializer.serializeContents(IndexedListSerializer.java:119)
	at com.fasterxml.jackson.databind.ser.impl.IndexedListSerializer.serialize(IndexedListSerializer.java:79)
	at com.fasterxml.jackson.databind.ser.impl.IndexedListSerializer.serialize(IndexedListSerializer.java:18)
	at com.fasterxml.jackson.databind.ser.BeanPropertyWriter.serializeAsField(BeanPropertyWriter.java:727)
	at com.fasterxml.jackson.databind.ser.std.BeanSerializerBase.serializeFields(BeanSerializerBase.java:719)
	at com.fasterxml.jackson.databind.ser.BeanSerializer.serialize(BeanSerializer.java:155)
	at com.fasterxml.jackson.databind.ser.BeanPropertyWriter.serializeAsField(BeanPropertyWriter.java:727)
	at com.fasterxml.jackson.databind.ser.std.BeanSerializerBase.serializeFields(BeanSerializerBase.java:719)
	at com.fasterxml.jackson.databind.ser.BeanSerializer.serialize(BeanSerializer.java:155)
	at com.fasterxml.jackson.databind.ser.impl.IndexedListSerializer.serializeContents(IndexedListSerializer.java:119)
	at com.fasterxml.jackson.databind.ser.impl.IndexedListSerializer.serialize(IndexedListSerializer.java:79)
	at com.fasterxml.jackson.databind.ser.impl.IndexedListSerializer.serialize(IndexedListSerializer.java:18)
	at com.fasterxml.jackson.databind.ser.BeanPropertyWriter.serializeAsField(BeanPropertyWriter.java:727)
	at com.fasterxml.jackson.databind.ser.std.BeanSerializerBase.serializeFields(BeanSerializerBase.java:719)
	at com.fasterxml.jackson.databind.ser.BeanSerializer.serialize(BeanSerializer.java:155)
	at com.fasterxml.jackson.databind.ser.BeanPropertyWriter.serializeAsField(BeanPropertyWriter.java:727)
	at com.fasterxml.jackson.databind.ser.std.BeanSerializerBase.serializeFields(BeanSerializerBase.java:719)
	at com.fasterxml.jackson.databind.ser.BeanSerializer.serialize(BeanSerializer.java:155)
	at com.fasterxml.jackson.databind.ser.impl.IndexedListSerializer.serializeContents(IndexedListSerializer.java:119)
	at com.fasterxml.jackson.databind.ser.impl.IndexedListSerializer.serialize(IndexedListSerializer.java:79)
	at com.fasterxml.jackson.databind.ser.impl.IndexedListSerializer.serialize(IndexedListSerializer.java:18)
	at com.fasterxml.jackson.databind.ser.BeanPropertyWriter.serializeAsField(BeanPropertyWriter.java:727)
	at com.fasterxml.jackson.databind.ser.std.BeanSerializerBase.serializeFields(BeanSerializerBase.java:719)
	at com.fasterxml.jackson.databind.ser.BeanSerializer.serialize(BeanSerializer.java:155)
	at com.fasterxml.jackson.databind.ser.BeanPropertyWriter.serializeAsField(BeanPropertyWriter.java:727)
	at com.fasterxml.jackson.databind.ser.std.BeanSerializerBase.serializeFields(BeanSerializerBase.java:719)
	at com.fasterxml.jackson.databind.ser.BeanSerializer.serialize(BeanSerializer.java:155)
	at com.fasterxml.jackson.databind.ser.impl.IndexedListSerializer.serializeContents(IndexedListSerializer.java:119)
	at com.fasterxml.jackson.databind.ser.impl.IndexedListSerializer.serialize(IndexedListSerializer.java:79)
	at com.fasterxml.jackson.databind.ser.impl.IndexedListSerializer.serialize(IndexedListSerializer.java:18)
	at com.fasterxml.jackson.databind.ser.BeanPropertyWriter.serializeAsField(BeanPropertyWriter.java:727)
	at com.fasterxml.jackson.databind.ser.std.BeanSerializerBase.serializeFields(BeanSerializerBase.java:719)
	at com.fasterxml.jackson.databind.ser.BeanSerializer.serialize(BeanSerializer.java:155)
	at com.fasterxml.jackson.databind.ser.BeanPropertyWriter.serializeAsField(BeanPropertyWriter.java:727)
	at com.fasterxml.jackson.databind.ser.std.BeanSerializerBase.serializeFields(BeanSerializerBase.java:719)
	at com.fasterxml.jackson.databind.ser.BeanSerializer.serialize(BeanSerializer.java:155)
	at com.fasterxml.jackson.databind.ser.impl.IndexedListSerializer.serializeContents(IndexedListSerializer.java:119)
	at com.fasterxml.jackson.databind.ser.impl.IndexedListSerializer.serialize(IndexedListSerializer.java:79)
	at com.fasterxml.jackson.databind.ser.impl.IndexedListSerializer.serialize(IndexedListSerializer.java:18)
	at com.fasterxml.jackson.databind.ser.BeanPropertyWriter.serializeAsField(BeanPropertyWriter.java:727)
	at com.fasterxml.jackson.databind.ser.std.BeanSerializerBase.serializeFields(BeanSerializerBase.java:719)
	at com.fasterxml.jackson.databind.ser.BeanSerializer.serialize(BeanSerializer.java:155)
	at com.fasterxml.jackson.databind.ser.BeanPropertyWriter.serializeAsField(BeanPropertyWriter.java:727)
	at com.fasterxml.jackson.databind.ser.std.BeanSerializerBase.serializeFields(BeanSerializerBase.java:719)
	at com.fasterxml.jackson.databind.ser.BeanSerializer.serialize(BeanSerializer.java:155)
	at com.fasterxml.jackson.databind.ser.impl.IndexedListSerializer.serializeContents(IndexedListSerializer.java:119)
	at com.fasterxml.jackson.databind.ser.impl.IndexedListSerializer.serialize(IndexedListSerializer.java:79)
	at com.fasterxml.jackson.databind.ser.impl.IndexedListSerializer.serialize(IndexedListSerializer.java:18)
	at com.fasterxml.jackson.databind.ser.BeanPropertyWriter.serializeAsField(BeanPropertyWriter.java:727)
	at com.fasterxml.jackson.databind.ser.std.BeanSerializerBase.serializeFields(BeanSerializerBase.java:719)
	at com.fasterxml.jackson.databind.ser.BeanSerializer.serialize(BeanSerializer.java:155)
	at com.fasterxml.jackson.databind.ser.BeanPropertyWriter.serializeAsField(BeanPropertyWriter.java:727)
	at com.fasterxml.jackson.databind.ser.std.BeanSerializerBase.serializeFields(BeanSerializerBase.java:719)
	at com.fasterxml.jackson.databind.ser.BeanSerializer.serialize(BeanSerializer.java:155)
	at com.fasterxml.jackson.databind.ser.impl.IndexedListSerializer.serializeContents(IndexedListSerializer.java:119)
	at com.fasterxml.jackson.databind.ser.impl.IndexedListSerializer.serialize(IndexedListSerializer.java:79)
	at com.fasterxml.jackson.databind.ser.impl.IndexedListSerializer.serialize(IndexedListSerializer.java:18)
	at com.fasterxml.jackson.databind.ser.BeanPropertyWriter.serializeAsField(BeanPropertyWriter.java:727)
	at com.fasterxml.jackson.databind.ser.std.BeanSerializerBase.serializeFields(BeanSerializerBase.java:719)
	at com.fasterxml.jackson.databind.ser.BeanSerializer.serialize(BeanSerializer.java:155)
	at com.fasterxml.jackson.databind.ser.BeanPropertyWriter.serializeAsField(BeanPropertyWriter.java:727)
	at com.fasterxml.jackson.databind.ser.std.BeanSerializerBase.serializeFields(BeanSerializerBase.java:719)
	at com.fasterxml.jackson.databind.ser.BeanSerializer.serialize(BeanSerializer.java:155)
	at com.fasterxml.jackson.databind.ser.impl.IndexedListSerializer.serializeContents(IndexedListSerializer.java:119)
	at com.fasterxml.jackson.databind.ser.impl.IndexedListSerializer.serialize(IndexedListSerializer.java:79)
	at com.fasterxml.jackson.databind.ser.impl.IndexedListSerializer.serialize(IndexedListSerializer.java:18)
	at com.fasterxml.jackson.databind.ser.BeanPropertyWriter.serializeAsField(BeanPropertyWriter.java:727)
	at com.fasterxml.jackson.databind.ser.std.BeanSerializerBase.serializeFields(BeanSerializerBase.java:719)
	at com.fasterxml.jackson.databind.ser.BeanSerializer.serialize(BeanSerializer.java:155)
	at com.fasterxml.jackson.databind.ser.BeanPropertyWriter.serializeAsField(BeanPropertyWriter.java:727)
	at com.fasterxml.jackson.databind.ser.std.BeanSerializerBase.serializeFields(BeanSerializerBase.java:719)
	at com.fasterxml.jackson.databind.ser.BeanSerializer.serialize(BeanSerializer.java:155)
	at com.fasterxml.jackson.databind.ser.impl.IndexedListSerializer.serializeContents(IndexedListSerializer.java:119)
	at com.fasterxml.jackson.databind.ser.impl.IndexedListSerializer.serialize(IndexedListSerializer.java:79)
	at com.fasterxml.jackson.databind.ser.impl.IndexedListSerializer.serialize(IndexedListSerializer.java:18)
	at com.fasterxml.jackson.databind.ser.BeanPropertyWriter.serializeAsField(BeanPropertyWriter.java:727)
	at com.fasterxml.jackson.databind.ser.std.BeanSerializerBase.serializeFields(BeanSerializerBase.java:719)
	at com.fasterxml.jackson.databind.ser.BeanSerializer.serialize(BeanSerializer.java:155)
	at com.fasterxml.jackson.databind.ser.BeanPropertyWriter.serializeAsField(BeanPropertyWriter.java:727)
	at com.fasterxml.jackson.databind.ser.std.BeanSerializerBase.serializeFields(BeanSerializerBase.java:719)
	at com.fasterxml.jackson.databind.ser.BeanSerializer.serialize(BeanSerializer.java:155)
	at com.fasterxml.jackson.databind.ser.impl.IndexedListSerializer.serializeContents(IndexedListSerializer.java:119)
	at com.fasterxml.jackson.databind.ser.impl.IndexedListSerializer.serialize(IndexedListSerializer.java:79)
	at com.fasterxml.jackson.databind.ser.impl.IndexedListSerializer.serialize(IndexedListSerializer.java:18)
	at com.fasterxml.jackson.databind.ser.BeanPropertyWriter.serializeAsField(BeanPropertyWriter.java:727)
	at com.fasterxml.jackson.databind.ser.std.BeanSerializerBase.serializeFields(BeanSerializerBase.java:719)
	at com.fasterxml.jackson.databind.ser.BeanSerializer.serialize(BeanSerializer.java:155)
	at com.fasterxml.jackson.databind.ser.BeanPropertyWriter.serializeAsField(BeanPropertyWriter.java:727)
	at com.fasterxml.jackson.databind.ser.std.BeanSerializerBase.serializeFields(BeanSerializerBase.java:719)
	at com.fasterxml.jackson.databind.ser.BeanSerializer.serialize(BeanSerializer.java:155)
	at com.fasterxml.jackson.databind.ser.impl.IndexedListSerializer.serializeContents(IndexedListSerializer.java:119)
	at com.fasterxml.jackson.databind.ser.impl.IndexedListSerializer.serialize(IndexedListSerializer.java:79)
	at com.fasterxml.jackson.databind.ser.impl.IndexedListSerializer.serialize(IndexedListSerializer.java:18)
	at com.fasterxml.jackson.databind.ser.BeanPropertyWriter.serializeAsField(BeanPropertyWriter.java:727)
	at com.fasterxml.jackson.databind.ser.std.BeanSerializerBase.serializeFields(BeanSerializerBase.java:719)
	at com.fasterxml.jackson.databind.ser.BeanSerializer.serialize(BeanSerializer.java:155)
	at com.fasterxml.jackson.databind.ser.BeanPropertyWriter.serializeAsField(BeanPropertyWriter.java:727)
	at com.fasterxml.jackson.databind.ser.std.BeanSerializerBase.serializeFields(BeanSerializerBase.java:719)
	at com.fasterxml.jackson.databind.ser.BeanSerializer.serialize(BeanSerializer.java:155)
	at com.fasterxml.jackson.databind.ser.impl.IndexedListSerializer.serializeContents(IndexedListSerializer.java:119)
	at com.fasterxml.jackson.databind.ser.impl.IndexedListSerializer.serialize(IndexedListSerializer.java:79)
Caused by: java.lang.StackOverflowError
	at java.lang.ClassLoader.defineClass1(Native Method)
	at java.lang.ClassLoader.defineClass(ClassLoader.java:763)
	at java.security.SecureClassLoader.defineClass(SecureClassLoader.java:142)
	at java.net.URLClassLoader.defineClass(URLClassLoader.java:468)
	at java.net.URLClassLoader.access$100(URLClassLoader.java:74)
	at java.net.URLClassLoader$1.run(URLClassLoader.java:369)
	at java.net.URLClassLoader$1.run(URLClassLoader.java:363)
	at java.security.AccessController.doPrivileged(Native Method)
	at java.net.URLClassLoader.findClass(URLClassLoader.java:362)
	at java.lang.ClassLoader.loadClass(ClassLoader.java:424)
	at sun.misc.Launcher$AppClassLoader.loadClass(Launcher.java:349)
	at java.lang.ClassLoader.loadClass(ClassLoader.java:357)
	at com.fasterxml.jackson.databind.ser.std.BeanSerializerBase.serializeFields(BeanSerializerBase.java:737)
	... 1011 more
]]></system-err>
  </testcase>
  <testcase name="restCallForTopEmployees" classname="com.zoomcare.candidatechallenge.test.EmployeeControllerTest" time="0"/>
</testsuite>